

<!DOCTYPE html>
<html>
<head>
<meta charset="UTF-8">
<meta name="viewport" content="width=device-width, initial-scale=1, shrink-to-fit=no">
<title>Fiserv UK Automation</title>
<link rel="apple-touch-icon" href="https://cdn.jsdelivr.net/gh/extent-framework/extent-github-cdn@b00a2d0486596e73dd7326beacf352c639623a0e/commons/img/logo.png">
<link rel="shortcut icon" href="https://cdn.jsdelivr.net/gh/extent-framework/extent-github-cdn@b00a2d0486596e73dd7326beacf352c639623a0e/commons/img/logo.png">
<link href="https://cdn.jsdelivr.net/gh/extent-framework/extent-github-cdn@ce8b10435bcbae260c334c0d0c6b61d2c19b6168/spark/css/spark-style.css" rel="stylesheet" />
<link href="https://stackpath.bootstrapcdn.com/font-awesome/4.7.0/css/font-awesome.min.css" rel="stylesheet">
<script src="https://cdn.jsdelivr.net/gh/extent-framework/extent-github-cdn@7cc78ce/spark/js/jsontree.js"></script>
<style type="text/css"></style></head><body class="spa bdd-report standard">
  <div class="app">
    <div class="layout">
<div class="header navbar">
<div class="vheader">
<div class="nav-logo">
<a href="#">
<div class="logo" style="background-image: url('https://cdn.jsdelivr.net/gh/extent-framework/extent-github-cdn@b00a2d0486596e73dd7326beacf352c639623a0e/commons/img/logo.png')"></div>
</a>
</div>
<ul class="nav-left">
<li class="search-box">
<a class="search-toggle" href="#">
<i class="search-icon fa fa-search"></i>
<i class="search-icon-close fa fa-close"></i>
</a>
</li>
<li class="search-input"><input id="search-tests" class="form-control" type="text" placeholder="Search..."></li>
</ul>
<ul class="nav-right">
<li class="m-r-10">
<a href="#"><span class="badge badge-primary">Fiserv Mobile - Automation</span></a>
</li>
<li class="m-r-10">
<a href="#"><span class="badge badge-primary">Jul 4, 2024 03:09:40 pm</span></a>
</li>
</ul>
</div>
</div><div class="side-nav">
<div class="side-nav-inner">
<ul class="side-nav-menu">
<li class="nav-item dropdown" onclick="toggleView('test-view')">
<a id="nav-test" class="dropdown-toggle" href="#">
<span class="ico"><i class="fa fa-list"></i></span>
</a>
</li>
<li class="nav-item dropdown" onclick="toggleView('exception-view')">
<a id="nav-exception" class="dropdown-toggle" href="#">
<span class="ico"><i class="fa fa-bug"></i></span>
</a>
</li>
<li class="nav-item dropdown" onclick="toggleView('category-view')">
<a id="nav-category" class="dropdown-toggle" href="#">
<span class="ico"><i class="fa fa-tag"></i></span>
</a>
</li>
<li class="nav-item dropdown" onclick="toggleView('dashboard-view')">
<a id="nav-dashboard" class="dropdown-toggle" href="#">
<span class="ico"><i class="fa fa-bar-chart"></i></span>
</a>
</li>
</ul>
</div>
</div>      <div class="vcontainer">
        <div class="main-content">
<div class="test-wrapper row view test-view">
  <div class="test-list">
    <div class="test-list-tools">
<ul class="tools pull-left">
<li><a href="#"><span class="font-size-14">Tests</span></a></li>
</ul>
<ul class="tools text-right">
<li class="dropdown">
<a href="#" class="dropdown-toggle" data-toggle="dropdown"><i class="fa fa-exclamation-circle"></i></a>
<ul id="status-toggle" class="dropdown-menu dropdown-md p-v-0">
<a class="dropdown-item" status="fail" href="#"><span>Fail</span><span class="status danger"></span></a>
<div class="dropdown-divider"></div>
<a status="clear" class="dropdown-item" href="#"><span>Clear</span><span class="pull-right"><i class="fa fa-close"></i></span></a>
</ul>
</li>
<li class="dropdown">
<a href="#" class="dropdown-toggle" data-toggle="dropdown"><i class="fa fa-tag"></i></a>
<ul id="tag-toggle" class="dropdown-menu dropdown-md p-v-0">
<a class="dropdown-item" href="#">@Sprintandroid2414</a><a class="dropdown-item" href="#">@P11270-22567</a><a class="dropdown-item" href="#">@PayOutside</a><a class="dropdown-item" href="#">@COFChallengeFlow</a><a class="dropdown-item" href="#">@UK_Regression_Features</a><a class="dropdown-item" href="#">@P11270-39687</a><a class="dropdown-item" href="#">@P11270-35414</a><a class="dropdown-item" href="#">@AndroidRegressionSet2</a><a class="dropdown-item" href="#">@P11270-39722</a><a class="dropdown-item" href="#">@AndroidRegression</a><a class="dropdown-item" href="#">@P11270-39693</a>
</ul>
</li>
</ul>
</div>    <div class="test-list-wrapper scrollable">
      <ul class="test-list-item">
        <li class="test-item"  status="fail" test-id="1"
          author=""
          tag=""
          device="">
          <div class="test-detail">
            <p class="name">COFChallengeFlow</p>
            <p class="text-sm">
              <span>3:09:42 pm</span> / <span>00:02:45:324</span>
              <span class="badge fail-bg log float-right">Fail</span>
            </p>
          </div>
          <div class="test-contents d-none">
<div class="detail-head">
<div class="p-v-10">
<div class="info">
<h5 class="test-status text-fail">COFChallengeFlow</h5>
<span class='badge badge-success'>07.04.2024 3:09:42 pm</span>
<span class='badge badge-danger'>07.04.2024 3:12:27 pm</span>
<span class='badge badge-default'>00:02:45:324</span>
&middot; <span class='uri-anchor badge badge-default'>#test-id=1</span>
<span title='Skip to the next failed step' class='badge badge-danger pointer float-right ne ml-1'><i class="fa fa-fast-forward"></i></span>
<span title='Collapse all nodes' class='badge badge-default pointer float-right ct ml-1'><i class="fa fa-compress"></i></span>
<span title='Expand all nodes' class='badge badge-default pointer float-right et'><i class="fa fa-expand"></i></span>
</div>
<div class="m-t-10 m-l-5"></div>
</div>
</div>
<div class="accordion mt-4">
  <div class="card">
    <div class="card-header" role="tab">
      <div class="card-title">
        <div class="node" id="2"><span class="badge log fail-bg mr-2">Fail</span>System to display Custom UI if the challenge flow is issued for the COF onboarding(Manual Registration)</div>
          <div class="status-avatar float-right mr-4">
            <i class="fa fa-paperclip"></i>
          </div>
      </div>
    </div>
        <div class="">
          <div class="card-body">
              <div class="step pass-bg" title="stepDefinitions.ContextualRegistrationSteps.userLogOutFromTheAppIfLoggedIn()">
                <span>When user log out from the app if logged in</span>
      <div>
      </div>
              </div>
              <div class="step pass-bg" title="stepDefinitions.ContextualRegistrationSteps.user_taps_on_register_button_from_login_screen()">
                <span>When user taps on register button from Login screen</span>
      <div>
      </div>
              </div>
              <div class="step pass-bg" title="stepDefinitions.ContextualRegistrationSteps.user_should_be_navigated_to_manual_register_screen()">
                <span>Then user should be navigated to Manual Register screen</span>
      <div>
      </div>
              </div>
              <div class="step pass-bg" title="stepDefinitions.ContextualRegistrationSteps.enter_first_name()">
                <span>Then enter First Name</span>
      <div>
      </div>
              </div>
              <div class="step pass-bg" title="stepDefinitions.ContextualRegistrationSteps.enter_last_name()">
                <span>Then enter Last Name</span>
      <div>
      </div>
              </div>
              <div class="step pass-bg" title="stepDefinitions.ContextualRegistrationSteps.enter_something_email_address(java.lang.String)">
                <span>Then enter "chibisakkrava.d+" Email address</span>
      <div>
      </div>
              </div>
              <div class="step pass-bg" title="stepDefinitions.ContextualRegistrationSteps.enter_password()">
                <span>Then enter password</span>
      <div>
      </div>
              </div>
              <div class="step pass-bg" title="stepDefinitions.ContextualRegistrationSteps.confirm_password()">
                <span>And confirm password</span>
      <div>
      </div>
              </div>
              <div class="step pass-bg" title="stepDefinitions.ContextualRegistrationSteps.click_the_check_box_for_accept()">
                <span>Then click the check box for accept</span>
      <div>
      </div>
              </div>
              <div class="step pass-bg" title="stepDefinitions.ContextualRegistrationSteps.click_on_continue_button_from_register_screen()">
                <span>When click on continue button from register screen</span>
      <div>
      </div>
              </div>
              <div class="step pass-bg" title="stepDefinitions.ContextualRegistrationSteps.user_tap_on_skip_button()">
                <span>When user tap on Skip button</span>
      <div>
      </div>
              </div>
              <div class="step pass-bg" title="stepDefinitions.ContextualRegistrationSteps.the_system_should_display_skip_warning_popup()">
                <span>Then the system should display Skip warning popup</span>
      <div>
      </div>
              </div>
              <div class="step pass-bg" title="stepDefinitions.ContextualRegistrationSteps.user_tap_on_skip_anyway()">
                <span>When user tap on Skip anyway</span>
      <div>
      </div>
              </div>
              <div class="step fail-bg" title="stepDefinitions.ContextualRegistrationSteps.app_to_dismiss_the_popup_and_navigate_the_user_to_lid_after_review()">
                <span>Then app to dismiss the popup and navigate the user to LID after review</span>
      <div>
        <textarea disabled class="code-block">java.lang.AssertionError: Element not presentLocated by By.chained({By.all({AppiumBy.id: accept_btn,By.xpath: //android.widget.TextView[@text='ACCEPT']})})
	at org.junit.Assert.fail(Assert.java:89)
	at stepLibrary.GenericWrappers.clickButtonWithOutScroll(GenericWrappers.java:331)
	at stepLibrary.GenericWrappers.clickButtonWithOutScroll(GenericWrappers.java:347)
	at stepDefinitions.ContextualRegistrationSteps.app_to_dismiss_the_popup_and_navigate_the_user_to_lid_after_review(ContextualRegistrationSteps.java:293)
	at ✽.app to dismiss the popup and navigate the user to LID after review(file:///C:/Users/maheshkumar/FiservAutoProjectUK/fiserv_automation_test/src/test/java/features/COFChallangeFlow.feature:940)
</textarea>
      
      </div>
              </div>
              <div class="step pass-bg" title="AFTER_STEP">
                <span>stepDefinitions.Hook.afterEachStep(io.cucumber.java.Scenario)</span>
      <div>2fd597c6-fb17-4da2-a539-ff41356a5adc
          <div class="row mb-3"><div class="col-md-3">
<img data-featherlight='screenshots/embedded1.png' src="screenshots/embedded1.png">
    
    </div></div>
</div>
      <div>
      </div>
              </div>
              <div class="step skip-bg" title="stepDefinitions.AccountSteps.user_taps_on_More_button_in_tab_bar()">
                <span>And user taps on More button in tab bar</span>
      <div>Step skipped
      </div>
              </div>
              <div class="step skip-bg" title="stepDefinitions.AccountSteps.user_navigates_to_Account_screen()">
                <span>When user navigates to Account screen</span>
      <div>Step skipped
      </div>
              </div>
              <div class="step skip-bg" title="stepDefinitions.FrictionlessFlowSteps.user_tap_on_add_card_button_in_account()">
                <span>Then user tap on add card button in account</span>
      <div>Step skipped
      </div>
              </div>
              <div class="step skip-bg" title="stepDefinitions.ProfileCompletionSteps.userTapsOnCreditDebitCardInAddPaymentMethodScreen()">
                <span>When user taps on Credit Debit card in Add Payment Method screen</span>
      <div>Step skipped
      </div>
              </div>
              <div class="step skip-bg" title="stepDefinitions.FrictionlessFlowSteps.user_is_on_setup_pin_screen()">
                <span>When user is on setup PIN screen</span>
      <div>Step skipped
      </div>
              </div>
              <div class="step skip-bg" title="stepDefinitions.FrictionlessFlowSteps.user_enters_four_digit_PIN()">
                <span>When user enters four digit PIN</span>
      <div>Step skipped
      </div>
              </div>
              <div class="step skip-bg" title="stepDefinitions.FrictionlessFlowSteps.user_tap_on_continue_button_in_enter_pin_screen()">
                <span>Then user tap on continue button in enter PIN screen</span>
      <div>Step skipped
      </div>
              </div>
              <div class="step skip-bg" title="stepDefinitions.AccountSteps.tap_on_ok_button_and_close_location_copy_text()">
                <span>Then tap on ok button and close location copy text</span>
      <div>Step skipped
      </div>
              </div>
              <div class="step skip-bg" title="stepDefinitions.COFChallangeFlowSteps.userLandsOnAddCardScreen()">
                <span>Then user lands on Add debit/credit card screen</span>
      <div>Step skipped
      </div>
              </div>
              <div class="step skip-bg" title="stepDefinitions.FrictionlessFlowSteps.enter_name_of_the_card()">
                <span>Then enter name of the card</span>
      <div>Step skipped
      </div>
              </div>
              <div class="step skip-bg" title="stepDefinitions.FrictionlessFlowSteps.enter_something_card_number(java.lang.String)">
                <span>Then enter "4012 0000 0001 2003 001" card number</span>
      <div>Step skipped
      </div>
              </div>
              <div class="step skip-bg" title="stepDefinitions.FrictionlessFlowSteps.enter_expiry_date()">
                <span>Then enter expiry date</span>
      <div>Step skipped
      </div>
              </div>
              <div class="step skip-bg" title="stepDefinitions.FrictionlessFlowSteps.enter_cvv()">
                <span>Then enter CVV</span>
      <div>Step skipped
      </div>
              </div>
              <div class="step skip-bg" title="stepDefinitions.FrictionlessFlowSteps.enter_postal_code()">
                <span>Then enter postal code</span>
      <div>Step skipped
      </div>
              </div>
              <div class="step skip-bg" title="stepDefinitions.FrictionlessFlowSteps.enter_address_line1()">
                <span>Then enter address line1</span>
      <div>Step skipped
      </div>
              </div>
              <div class="step skip-bg" title="stepDefinitions.FrictionlessFlowSteps.enter_address_line2()">
                <span>Then enter Address line2</span>
      <div>Step skipped
      </div>
              </div>
              <div class="step skip-bg" title="stepDefinitions.FrictionlessFlowSteps.enter_city()">
                <span>Then enter city</span>
      <div>Step skipped
      </div>
              </div>
              <div class="step skip-bg" title="stepDefinitions.FrictionlessFlowSteps.check_consent_checkbox()">
                <span>Then check consent checkbox</span>
      <div>Step skipped
      </div>
              </div>
              <div class="step skip-bg" title="stepDefinitions.FrictionlessFlowSteps.tap_on_continue_button_in_add_payment_screen()">
                <span>And tap on continue button in add payment screen</span>
      <div>Step skipped
      </div>
              </div>
              <div class="step skip-bg" title="stepDefinitions.COFChallangeFlowSteps.validateIfUserIsOnModirumPasswordScreen()">
                <span>Then validate if user is on modirum password screen</span>
      <div>Step skipped
      </div>
              </div>
              <div class="step skip-bg" title="stepDefinitions.COFChallangeFlowSteps.enter_valid_password_and_click_on_submit_button()">
                <span>And enter valid password and click on submit button</span>
      <div>Step skipped
      </div>
              </div>
              <div class="step skip-bg" title="stepDefinitions.FrictionlessFlowSteps.userTapOnPaymentMethodAddedSuccessfullyScreenContinueButton()">
                <span>When user tap on payment method added successfully screen continue button</span>
      <div>Step skipped
      </div>
              </div>
              <div class="step skip-bg" title="stepDefinitions.FrictionlessFlowSteps.user_tap_on_add_card_button_in_account()">
                <span>Then user tap on add card button in account</span>
      <div>Step skipped
      </div>
              </div>
              <div class="step skip-bg" title="stepDefinitions.ProfileCompletionSteps.userTapsOnCreditDebitCardInAddPaymentMethodScreen()">
                <span>When user taps on Credit Debit card in Add Payment Method screen</span>
      <div>Step skipped
      </div>
              </div>
              <div class="step skip-bg" title="stepDefinitions.FrictionlessFlowSteps.enter_name_of_the_card()">
                <span>Then enter name of the card</span>
      <div>Step skipped
      </div>
              </div>
              <div class="step skip-bg" title="stepDefinitions.FrictionlessFlowSteps.enter_something_card_number(java.lang.String)">
                <span>Then enter "4147 4630 1111 0083" card number</span>
      <div>Step skipped
      </div>
              </div>
              <div class="step skip-bg" title="stepDefinitions.FrictionlessFlowSteps.enter_expiry_date()">
                <span>Then enter expiry date</span>
      <div>Step skipped
      </div>
              </div>
              <div class="step skip-bg" title="stepDefinitions.FrictionlessFlowSteps.enter_cvv()">
                <span>Then enter CVV</span>
      <div>Step skipped
      </div>
              </div>
              <div class="step skip-bg" title="stepDefinitions.FrictionlessFlowSteps.enter_postal_code()">
                <span>Then enter postal code</span>
      <div>Step skipped
      </div>
              </div>
              <div class="step skip-bg" title="stepDefinitions.FrictionlessFlowSteps.enter_address_line1()">
                <span>Then enter address line1</span>
      <div>Step skipped
      </div>
              </div>
              <div class="step skip-bg" title="stepDefinitions.FrictionlessFlowSteps.enter_address_line2()">
                <span>Then enter Address line2</span>
      <div>Step skipped
      </div>
              </div>
              <div class="step skip-bg" title="stepDefinitions.FrictionlessFlowSteps.enter_city()">
                <span>Then enter city</span>
      <div>Step skipped
      </div>
              </div>
              <div class="step skip-bg" title="stepDefinitions.FrictionlessFlowSteps.check_consent_checkbox()">
                <span>Then check consent checkbox</span>
      <div>Step skipped
      </div>
              </div>
              <div class="step skip-bg" title="stepDefinitions.FrictionlessFlowSteps.tap_on_continue_button_in_add_payment_screen()">
                <span>And tap on continue button in add payment screen</span>
      <div>Step skipped
      </div>
              </div>
          </div>
        </div>
  </div>
</div>
          </div>
        </li>
        <li class="test-item"  status="fail" test-id="101"
          author=""
          tag=""
          device="">
          <div class="test-detail">
            <p class="name">PayOutside</p>
            <p class="text-sm">
              <span>3:12:27 pm</span> / <span>00:05:39:056</span>
              <span class="badge fail-bg log float-right">Fail</span>
            </p>
          </div>
          <div class="test-contents d-none">
<div class="detail-head">
<div class="p-v-10">
<div class="info">
<h5 class="test-status text-fail">PayOutside</h5>
<span class='badge badge-success'>07.04.2024 3:12:27 pm</span>
<span class='badge badge-danger'>07.04.2024 3:18:06 pm</span>
<span class='badge badge-default'>00:05:39:056</span>
&middot; <span class='uri-anchor badge badge-default'>#test-id=101</span>
<span title='Skip to the next failed step' class='badge badge-danger pointer float-right ne ml-1'><i class="fa fa-fast-forward"></i></span>
<span title='Collapse all nodes' class='badge badge-default pointer float-right ct ml-1'><i class="fa fa-compress"></i></span>
<span title='Expand all nodes' class='badge badge-default pointer float-right et'><i class="fa fa-expand"></i></span>
</div>
<div class="m-t-10 m-l-5"></div>
</div>
</div>
<div class="accordion mt-4">
  <div class="card">
    <div class="card-header" role="tab">
      <div class="card-title">
        <div class="node" id="102"><span class="badge log fail-bg mr-2">Fail</span>Manual user -See whether app displaying Google Pay as payment method in the Account screen</div>
          <div class="status-avatar float-right mr-4">
            <i class="fa fa-paperclip"></i>
          </div>
      </div>
    </div>
        <div class="">
          <div class="card-body">
              <div class="step pass-bg" title="stepDefinitions.ContextualRegistrationSteps.user_is_on_nlid_screen()">
                <span>Given user is on NLID screen</span>
      <div>
      </div>
              </div>
              <div class="step fail-bg" title="stepDefinitions.AccountSteps.user_taps_on_More_button_in_tab_bar()">
                <span>And user taps on More button in tab bar</span>
      <div>
        <textarea disabled class="code-block">java.lang.AssertionError: Element not presentLocated by By.chained({AppiumBy.id: action_more})
	at org.junit.Assert.fail(Assert.java:89)
	at stepLibrary.GenericWrappers.clickButtonWithOutScroll(GenericWrappers.java:331)
	at stepLibrary.GenericWrappers.clickButtonWithOutScroll(GenericWrappers.java:347)
	at stepLibrary.GenericWrappers.clickButtonWithRetry(GenericWrappers.java:353)
	at stepDefinitions.AccountSteps.user_taps_on_More_button_in_tab_bar(AccountSteps.java:143)
	at ✽.user taps on More button in tab bar(file:///C:/Users/maheshkumar/FiservAutoProjectUK/fiserv_automation_test/src/test/java/features/PayOutside.feature:370)
</textarea>
      
      </div>
              </div>
              <div class="step pass-bg" title="AFTER_STEP">
                <span>stepDefinitions.Hook.afterEachStep(io.cucumber.java.Scenario)</span>
      <div>3a3d28de-2754-4fea-a700-8fc3fd77dbdd
          <div class="row mb-3"><div class="col-md-3">
<img data-featherlight='screenshots/embedded2.png' src="screenshots/embedded2.png">
    
    </div></div>
</div>
      <div>
      </div>
              </div>
              <div class="step skip-bg" title="stepDefinitions.AccountSteps.user_navigates_to_Account_screen()">
                <span>When user navigates to Account screen</span>
      <div>Step skipped
      </div>
              </div>
              <div class="step skip-bg" title="stepDefinitions.ProfileCompletionSteps.user_verifies_the_account_page()">
                <span>And user verifies the account page</span>
      <div>Step skipped
      </div>
              </div>
              <div class="step skip-bg" title="stepDefinitions.PayOutsideSteps.userShouldSeeGooglePayTitle()">
                <span>Then user should see GooglePay title</span>
      <div>Step skipped
      </div>
              </div>
              <div class="step skip-bg" title="stepDefinitions.PayOutsideSteps.userVerifiesEditGooglePayButton()">
                <span>Then user verifies Edit GooglePay button</span>
      <div>Step skipped
      </div>
              </div>
              <div class="step skip-bg" title="stepDefinitions.PayOutsideSteps.userShouldSeeGooglePaySubtitle()">
                <span>Then user should see GooglePay subtitle</span>
      <div>Step skipped
      </div>
              </div>
          </div>
        </div>
  </div>
  <div class="card">
    <div class="card-header" role="tab">
      <div class="card-title">
        <div class="node" id="119"><span class="badge log fail-bg mr-2">Fail</span>Manual user -See whether app displaying Google Pay as payment method in the Choose Default method in Account screen</div>
          <div class="status-avatar float-right mr-4">
            <i class="fa fa-paperclip"></i>
          </div>
      </div>
    </div>
        <div class="">
          <div class="card-body">
              <div class="step pass-bg" title="stepDefinitions.ContextualRegistrationSteps.user_is_on_nlid_screen()">
                <span>Given user is on NLID screen</span>
      <div>
      </div>
              </div>
              <div class="step pass-bg" title="stepDefinitions.AccountSteps.user_taps_on_More_button_in_tab_bar()">
                <span>And user taps on More button in tab bar</span>
      <div>
      </div>
              </div>
              <div class="step pass-bg" title="stepDefinitions.AccountSteps.user_navigates_to_Account_screen()">
                <span>When user navigates to Account screen</span>
      <div>
      </div>
              </div>
              <div class="step pass-bg" title="stepDefinitions.ProfileCompletionSteps.user_verifies_the_account_page()">
                <span>And user verifies the account page</span>
      <div>
      </div>
              </div>
              <div class="step pass-bg" title="stepDefinitions.FrictionlessFlowSteps.user_tap_on_add_card_button_in_account()">
                <span>Then user tap on add card button in account</span>
      <div>
      </div>
              </div>
              <div class="step pass-bg" title="stepDefinitions.ProfileCompletionSteps.userTapsOnCreditDebitCardInAddPaymentMethodScreen()">
                <span>When user taps on Credit Debit card in Add Payment Method screen</span>
      <div>
      </div>
              </div>
              <div class="step pass-bg" title="stepDefinitions.FrictionlessFlowSteps.enter_name_of_the_card()">
                <span>Then enter name of the card</span>
      <div>
      </div>
              </div>
              <div class="step pass-bg" title="stepDefinitions.FrictionlessFlowSteps.enter_something_card_number(java.lang.String)">
                <span>Then enter "4147 4630 1111 0083" card number</span>
      <div>
      </div>
              </div>
              <div class="step pass-bg" title="stepDefinitions.FrictionlessFlowSteps.enter_expiry_date()">
                <span>Then enter expiry date</span>
      <div>
      </div>
              </div>
              <div class="step pass-bg" title="stepDefinitions.FrictionlessFlowSteps.enter_cvv()">
                <span>Then enter CVV</span>
      <div>
      </div>
              </div>
              <div class="step pass-bg" title="stepDefinitions.FrictionlessFlowSteps.enter_postal_code()">
                <span>Then enter postal code</span>
      <div>
      </div>
              </div>
              <div class="step pass-bg" title="stepDefinitions.FrictionlessFlowSteps.enter_address_line1()">
                <span>Then enter address line1</span>
      <div>
      </div>
              </div>
              <div class="step pass-bg" title="stepDefinitions.FrictionlessFlowSteps.enter_address_line2()">
                <span>Then enter Address line2</span>
      <div>
      </div>
              </div>
              <div class="step pass-bg" title="stepDefinitions.FrictionlessFlowSteps.enter_city()">
                <span>Then enter city</span>
      <div>
      </div>
              </div>
              <div class="step pass-bg" title="stepDefinitions.FrictionlessFlowSteps.check_consent_checkbox()">
                <span>Then check consent checkbox</span>
      <div>
      </div>
              </div>
              <div class="step pass-bg" title="stepDefinitions.FrictionlessFlowSteps.tap_on_continue_button_in_add_payment_screen()">
                <span>And tap on continue button in add payment screen</span>
      <div>
      </div>
              </div>
              <div class="step fail-bg" title="stepDefinitions.FrictionlessFlowSteps.user_clicks_on_ok_button_in_card_added_message()">
                <span>And user clicks on ok button in card added message</span>
      <div>
        <textarea disabled class="code-block">java.lang.AssertionError: Element not presentLocated by By.chained({AppiumBy.id: android:id/button1})
	at org.junit.Assert.fail(Assert.java:89)
	at stepLibrary.GenericWrappers.clickButtonWithOutScroll(GenericWrappers.java:331)
	at stepLibrary.GenericWrappers.clickButtonWithOutScroll(GenericWrappers.java:347)
	at stepDefinitions.FrictionlessFlowSteps.user_clicks_on_ok_button_in_card_added_message(FrictionlessFlowSteps.java:1677)
	at ✽.user clicks on ok button in card added message(file:///C:/Users/maheshkumar/FiservAutoProjectUK/fiserv_automation_test/src/test/java/features/PayOutside.feature:395)
</textarea>
      
      </div>
              </div>
              <div class="step pass-bg" title="AFTER_STEP">
                <span>stepDefinitions.Hook.afterEachStep(io.cucumber.java.Scenario)</span>
      <div>90da66ef-6d49-4c28-a516-612e2b5d7bd1
          <div class="row mb-3"><div class="col-md-3">
<img data-featherlight='screenshots/embedded3.png' src="screenshots/embedded3.png">
    
    </div></div>
</div>
      <div>
      </div>
              </div>
              <div class="step skip-bg" title="stepDefinitions.PaymentMethodSteps.clickOnChooseDefaultCardLink()">
                <span>Then Click on Choose Default Card link</span>
      <div>Step skipped
      </div>
              </div>
              <div class="step skip-bg" title="stepDefinitions.ProfileCompletionSteps.userTapsCofEdit()">
                <span>Then user taps cof edit</span>
      <div>Step skipped
      </div>
              </div>
              <div class="step skip-bg" title="stepDefinitions.ProfileCompletionSteps.userTapsDeleteInTheEditPaymentMethodScreen()">
                <span>Then user taps delete in the Edit Payment Method screen</span>
      <div>Step skipped
      </div>
              </div>
              <div class="step skip-bg" title="stepDefinitions.ProfileCompletionSteps.userTapsOnDeleteButtonInTheDeletePopupMsg()">
                <span>Then user taps on delete button in the Delete popup msg</span>
      <div>Step skipped
      </div>
              </div>
              <div class="step skip-bg" title="stepDefinitions.ContextualRegistrationSteps.app_to_dismiss_the_popup_when_the_user_taps_on_ok_button()">
                <span>Then app to dismiss the popup when the user taps on OK button</span>
      <div>Step skipped
      </div>
              </div>
          </div>
        </div>
  </div>
  <div class="card">
    <div class="card-header" role="tab">
      <div class="card-title">
        <div class="node" id="166"><span class="badge log fail-bg mr-2">Fail</span>Manual user -Verify whether App displaying the google pay already linked pop-up to the user</div>
          <div class="status-avatar float-right mr-4">
            <i class="fa fa-paperclip"></i>
          </div>
      </div>
    </div>
        <div class="">
          <div class="card-body">
              <div class="step pass-bg" title="stepDefinitions.ContextualRegistrationSteps.user_is_on_nlid_screen()">
                <span>Given user is on NLID screen</span>
      <div>
      </div>
              </div>
              <div class="step pass-bg" title="stepDefinitions.AccountSteps.user_taps_on_More_button_in_tab_bar()">
                <span>And user taps on More button in tab bar</span>
      <div>
      </div>
              </div>
              <div class="step pass-bg" title="stepDefinitions.AccountSteps.user_navigates_to_Account_screen()">
                <span>When user navigates to Account screen</span>
      <div>
      </div>
              </div>
              <div class="step pass-bg" title="stepDefinitions.ProfileCompletionSteps.user_verifies_the_account_page()">
                <span>And user verifies the account page</span>
      <div>
      </div>
              </div>
              <div class="step pass-bg" title="stepDefinitions.FrictionlessFlowSteps.user_tap_on_add_card_button_in_account()">
                <span>And user tap on add card button in account</span>
      <div>
      </div>
              </div>
              <div class="step pass-bg" title="stepDefinitions.ProfileCompletionSteps.userTapsOnGooglePayFromExistingPaymentMethod()">
                <span>And user taps on Google Pay from existing payment method</span>
      <div>
      </div>
              </div>
              <div class="step fail-bg" title="stepDefinitions.ProfileCompletionSteps.userShouldDisplayGooglePayAlreadyLinkedPopUpToTheUser()">
                <span>Then user should display google pay already linked pop-up to the user</span>
      <div>
        <textarea disabled class="code-block">org.openqa.selenium.NoSuchElementException: Can't locate an element by this strategy: By.chained({By.xpath: //android.widget.TextView[@text='You can modify this payment method in your Account settings.']})
	at io.appium.java_client.pagefactory.AppiumElementLocator.findElement(AppiumElementLocator.java:166)
	at io.appium.java_client.pagefactory.interceptors.InterceptorOfASingleElement.call(InterceptorOfASingleElement.java:75)
	at io.appium.java_client.proxy.Interceptor.intercept(Interceptor.java:78)
	at org.openqa.selenium.remote.RemoteWebElement$ByteBuddy$6LSx53Es.getText(Unknown Source)
	at stepDefinitions.ProfileCompletionSteps.userShouldDisplayGooglePayAlreadyLinkedPopUpToTheUser(ProfileCompletionSteps.java:1095)
	at ✽.user should display google pay already linked pop-up to the user(file:///C:/Users/maheshkumar/FiservAutoProjectUK/fiserv_automation_test/src/test/java/features/PayOutside.feature:410)
Caused by: org.openqa.selenium.TimeoutException: Expected condition failed: waiting for io.appium.java_client.pagefactory.AppiumElementLocator$WaitingFunction@2da5fdc (tried for 1 second(s) with 500 milliseconds interval)
	at org.openqa.selenium.support.ui.FluentWait.timeoutException(FluentWait.java:265)
	at org.openqa.selenium.support.ui.FluentWait.until(FluentWait.java:228)
	at io.appium.java_client.pagefactory.AppiumElementLocator.waitFor(AppiumElementLocator.java:135)
	at io.appium.java_client.pagefactory.AppiumElementLocator.findElement(AppiumElementLocator.java:160)
	at io.appium.java_client.pagefactory.interceptors.InterceptorOfASingleElement.call(InterceptorOfASingleElement.java:75)
	at io.appium.java_client.proxy.Interceptor.intercept(Interceptor.java:78)
	at org.openqa.selenium.remote.RemoteWebElement$ByteBuddy$6LSx53Es.getText(Unknown Source)
	at stepDefinitions.ProfileCompletionSteps.userShouldDisplayGooglePayAlreadyLinkedPopUpToTheUser(ProfileCompletionSteps.java:1095)
	at java.base/jdk.internal.reflect.DirectMethodHandleAccessor.invoke(DirectMethodHandleAccessor.java:104)
	at java.base/java.lang.reflect.Method.invoke(Method.java:578)
	at io.cucumber.java.Invoker.doInvoke(Invoker.java:66)
	at io.cucumber.java.Invoker.invoke(Invoker.java:24)
	at io.cucumber.java.AbstractGlueDefinition.invokeMethod(AbstractGlueDefinition.java:47)
	at io.cucumber.java.JavaStepDefinition.execute(JavaStepDefinition.java:29)
	at io.cucumber.core.runner.CoreStepDefinition.execute(CoreStepDefinition.java:66)
	at io.cucumber.core.runner.PickleStepDefinitionMatch.runStep(PickleStepDefinitionMatch.java:63)
	at io.cucumber.core.runner.ExecutionMode$1.execute(ExecutionMode.java:10)
	at io.cucumber.core.runner.TestStep.executeStep(TestStep.java:84)
	at io.cucumber.core.runner.TestStep.run(TestStep.java:56)
	at io.cucumber.core.runner.PickleStepTestStep.run(PickleStepTestStep.java:51)
	at io.cucumber.core.runner.TestCase.run(TestCase.java:84)
	at io.cucumber.core.runner.Runner.runPickle(Runner.java:75)
	at io.cucumber.junit.PickleRunners$NoStepDescriptions.lambda$run$0(PickleRunners.java:151)
	at io.cucumber.core.runtime.CucumberExecutionContext.lambda$runTestCase$5(CucumberExecutionContext.java:137)
	at io.cucumber.core.runtime.RethrowingThrowableCollector.executeAndThrow(RethrowingThrowableCollector.java:23)
	at io.cucumber.core.runtime.CucumberExecutionContext.runTestCase(CucumberExecutionContext.java:137)
	at io.cucumber.junit.PickleRunners$NoStepDescriptions.run(PickleRunners.java:148)
	at io.cucumber.junit.FeatureRunner.runChild(FeatureRunner.java:144)
	at io.cucumber.junit.FeatureRunner.runChild(FeatureRunner.java:28)
	at org.junit.runners.ParentRunner$4.run(ParentRunner.java:331)
	at org.junit.runners.ParentRunner$1.schedule(ParentRunner.java:79)
	at org.junit.runners.ParentRunner.runChildren(ParentRunner.java:329)
	at org.junit.runners.ParentRunner.access$100(ParentRunner.java:66)
	at org.junit.runners.ParentRunner$2.evaluate(ParentRunner.java:293)
	at org.junit.runners.ParentRunner$3.evaluate(ParentRunner.java:306)
	at org.junit.runners.ParentRunner.run(ParentRunner.java:413)
	at io.cucumber.junit.FeatureRunner.run(FeatureRunner.java:137)
	at io.cucumber.junit.Cucumber.runChild(Cucumber.java:196)
	at io.cucumber.junit.Cucumber.runChild(Cucumber.java:89)
	at org.junit.runners.ParentRunner$4.run(ParentRunner.java:331)
	at org.junit.runners.ParentRunner$1.schedule(ParentRunner.java:79)
	at org.junit.runners.ParentRunner.runChildren(ParentRunner.java:329)
	at org.junit.runners.ParentRunner.access$100(ParentRunner.java:66)
	at org.junit.runners.ParentRunner$2.evaluate(ParentRunner.java:293)
	at io.cucumber.core.runtime.CucumberExecutionContext.lambda$runFeatures$6(CucumberExecutionContext.java:148)
	at io.cucumber.core.runtime.CucumberExecutionContext.execute(CucumberExecutionContext.java:163)
	at io.cucumber.core.runtime.CucumberExecutionContext.runFeatures(CucumberExecutionContext.java:146)
	at io.cucumber.junit.Cucumber$StartAndFinishTestRun.evaluate(Cucumber.java:226)
	at org.junit.runners.ParentRunner$3.evaluate(ParentRunner.java:306)
	at org.junit.runners.ParentRunner.run(ParentRunner.java:413)
	at org.junit.runner.JUnitCore.run(JUnitCore.java:137)
	at com.intellij.junit4.JUnit4IdeaTestRunner.startRunnerWithArgs(JUnit4IdeaTestRunner.java:69)
	at com.intellij.rt.junit.IdeaTestRunner$Repeater$1.execute(IdeaTestRunner.java:38)
	at com.intellij.rt.execution.junit.TestsRepeater.repeat(TestsRepeater.java:11)
	at com.intellij.rt.junit.IdeaTestRunner$Repeater.startRunnerWithArgs(IdeaTestRunner.java:35)
	at com.intellij.rt.junit.JUnitStarter.prepareStreamsAndStart(JUnitStarter.java:232)
	at com.intellij.rt.junit.JUnitStarter.main(JUnitStarter.java:55)
Caused by: org.openqa.selenium.NoSuchElementException: Cannot locate an element using By.chained({By.xpath: //android.widget.TextView[@text='You can modify this payment method in your Account settings.']})
For documentation on this error, please visit: https://www.selenium.dev/documentation/webdriver/troubleshooting/errors#no-such-element-exception
Build info: version: '4.21.0', revision: '79ed462ef4'
System info: os.name: 'Windows 10', os.arch: 'amd64', os.version: '10.0', java.version: '19.0.2'
Driver info: driver.version: RemoteWebDriver
	at io.appium.java_client.pagefactory.bys.builder.ByChained.findElement(ByChained.java:74)
	at org.openqa.selenium.remote.ElementLocation$ElementFinder$1.findElement(ElementLocation.java:139)
	at org.openqa.selenium.remote.ElementLocation.findElement(ElementLocation.java:59)
	at org.openqa.selenium.remote.RemoteWebDriver.findElement(RemoteWebDriver.java:355)
	at org.openqa.selenium.remote.RemoteWebDriver.findElement(RemoteWebDriver.java:349)
	at io.appium.java_client.pagefactory.bys.ContentMappedBy.findElement(ContentMappedBy.java:53)
	at org.openqa.selenium.remote.ElementLocation$ElementFinder$1.findElement(ElementLocation.java:139)
	at org.openqa.selenium.remote.ElementLocation.findElement(ElementLocation.java:59)
	at org.openqa.selenium.remote.RemoteWebDriver.findElement(RemoteWebDriver.java:355)
	at org.openqa.selenium.remote.RemoteWebDriver.findElement(RemoteWebDriver.java:349)
	at io.appium.java_client.pagefactory.AppiumElementLocator.lambda$findElement$1(AppiumElementLocator.java:160)
	at io.appium.java_client.pagefactory.AppiumElementLocator$WaitingFunction.apply(AppiumElementLocator.java:217)
	at io.appium.java_client.pagefactory.AppiumElementLocator$WaitingFunction.apply(AppiumElementLocator.java:210)
	at org.openqa.selenium.support.ui.FluentWait.until(FluentWait.java:203)
	... 55 more
</textarea>
      
      </div>
              </div>
              <div class="step pass-bg" title="AFTER_STEP">
                <span>stepDefinitions.Hook.afterEachStep(io.cucumber.java.Scenario)</span>
      <div>cfe77193-a3e7-4451-9b1b-e7f820d9c3d2
          <div class="row mb-3"><div class="col-md-3">
<img data-featherlight='screenshots/embedded4.png' src="screenshots/embedded4.png">
    
    </div></div>
</div>
      <div>
      </div>
              </div>
              <div class="step skip-bg" title="stepDefinitions.ProfileCompletionSteps.userTapsOnOKOnTheGooglePayAlreadyLinkedPopUp()">
                <span>And user taps on OK on the google pay already linked pop-up</span>
      <div>Step skipped
      </div>
              </div>
          </div>
        </div>
  </div>
</div>
          </div>
        </li>
        <li class="test-item"  status="fail" test-id="185"
          author=""
          tag=""
          device="">
          <div class="test-detail">
            <p class="name">UKRegressionFeatures</p>
            <p class="text-sm">
              <span>3:18:06 pm</span> / <span>00:02:51:546</span>
              <span class="badge fail-bg log float-right">Fail</span>
            </p>
          </div>
          <div class="test-contents d-none">
<div class="detail-head">
<div class="p-v-10">
<div class="info">
<h5 class="test-status text-fail">UKRegressionFeatures</h5>
<span class='badge badge-success'>07.04.2024 3:18:06 pm</span>
<span class='badge badge-danger'>07.04.2024 3:20:58 pm</span>
<span class='badge badge-default'>00:02:51:546</span>
&middot; <span class='uri-anchor badge badge-default'>#test-id=185</span>
<span title='Skip to the next failed step' class='badge badge-danger pointer float-right ne ml-1'><i class="fa fa-fast-forward"></i></span>
<span title='Collapse all nodes' class='badge badge-default pointer float-right ct ml-1'><i class="fa fa-compress"></i></span>
<span title='Expand all nodes' class='badge badge-default pointer float-right et'><i class="fa fa-expand"></i></span>
</div>
<div class="m-t-10 m-l-5"></div>
</div>
</div>
<div class="accordion mt-4">
  <div class="card">
    <div class="card-header" role="tab">
      <div class="card-title">
        <div class="node" id="186"><span class="badge log fail-bg mr-2">Fail</span>Verify that whether app is displaying  the PayPal payment method under the payment method section</div>
          <div class="status-avatar float-right mr-4">
            <i class="fa fa-paperclip"></i>
          </div>
      </div>
    </div>
        <div class="">
          <div class="card-body">
              <div class="step pass-bg" title="stepDefinitions.ContextualRegistrationSteps.userLogOutFromTheAppIfLoggedIn()">
                <span>When user log out from the app if logged in</span>
      <div>
      </div>
              </div>
              <div class="step pass-bg" title="stepDefinitions.ProfileCompletionSteps.user_clicks_on_login_icon()">
                <span>And user clicks on Login Icon</span>
      <div>
      </div>
              </div>
              <div class="step pass-bg" title="stepDefinitions.AccountSteps.MIDirectUser1iEnterInLoginDetails(java.lang.String)">
                <span>When I enter "regressioncredentials2" in login details</span>
      <div>
      </div>
              </div>
              <div class="step pass-bg" title="stepDefinitions.AccountSteps.user_taps_login_button_in_login_screen()">
                <span>And user taps login button in login screen</span>
      <div>
      </div>
              </div>
              <div class="step pass-bg" title="stepDefinitions.ContextualRegistrationSteps.user_is_on_nlid_screen()">
                <span>Given user is on NLID screen</span>
      <div>
      </div>
              </div>
              <div class="step pass-bg" title="stepDefinitions.AccountSteps.user_taps_on_More_button_in_tab_bar()">
                <span>And user taps on More button in tab bar</span>
      <div>
      </div>
              </div>
              <div class="step pass-bg" title="stepDefinitions.AccountSteps.user_navigates_to_Account_screen()">
                <span>When user navigates to Account screen</span>
      <div>
      </div>
              </div>
              <div class="step fail-bg" title="stepDefinitions.AccountSteps.userVerifiesPaypalEmailIdWithMasked()">
                <span>Then user verifies paypal email id with masked</span>
      <div>
        <textarea disabled class="code-block">org.openqa.selenium.NoSuchElementException: Can't locate an element by this strategy: By.chained({AppiumBy.id: account_card_number})
	at io.appium.java_client.pagefactory.AppiumElementLocator.findElement(AppiumElementLocator.java:166)
	at io.appium.java_client.pagefactory.interceptors.InterceptorOfASingleElement.call(InterceptorOfASingleElement.java:75)
	at io.appium.java_client.proxy.Interceptor.intercept(Interceptor.java:78)
	at org.openqa.selenium.remote.RemoteWebElement$ByteBuddy$6LSx53Es.getText(Unknown Source)
	at stepDefinitions.AccountSteps.userVerifiesPaypalEmailIdWithMasked(AccountSteps.java:1374)
	at ✽.user verifies paypal email id with masked(file:///C:/Users/maheshkumar/FiservAutoProjectUK/fiserv_automation_test/src/test/java/features/UkRegressionFeatures.feature:25)
Caused by: org.openqa.selenium.TimeoutException: Expected condition failed: waiting for io.appium.java_client.pagefactory.AppiumElementLocator$WaitingFunction@7672960e (tried for 1 second(s) with 500 milliseconds interval)
	at org.openqa.selenium.support.ui.FluentWait.timeoutException(FluentWait.java:265)
	at org.openqa.selenium.support.ui.FluentWait.until(FluentWait.java:228)
	at io.appium.java_client.pagefactory.AppiumElementLocator.waitFor(AppiumElementLocator.java:135)
	at io.appium.java_client.pagefactory.AppiumElementLocator.findElement(AppiumElementLocator.java:160)
	at io.appium.java_client.pagefactory.interceptors.InterceptorOfASingleElement.call(InterceptorOfASingleElement.java:75)
	at io.appium.java_client.proxy.Interceptor.intercept(Interceptor.java:78)
	at org.openqa.selenium.remote.RemoteWebElement$ByteBuddy$6LSx53Es.getText(Unknown Source)
	at stepDefinitions.AccountSteps.userVerifiesPaypalEmailIdWithMasked(AccountSteps.java:1374)
	at java.base/jdk.internal.reflect.DirectMethodHandleAccessor.invoke(DirectMethodHandleAccessor.java:104)
	at java.base/java.lang.reflect.Method.invoke(Method.java:578)
	at io.cucumber.java.Invoker.doInvoke(Invoker.java:66)
	at io.cucumber.java.Invoker.invoke(Invoker.java:24)
	at io.cucumber.java.AbstractGlueDefinition.invokeMethod(AbstractGlueDefinition.java:47)
	at io.cucumber.java.JavaStepDefinition.execute(JavaStepDefinition.java:29)
	at io.cucumber.core.runner.CoreStepDefinition.execute(CoreStepDefinition.java:66)
	at io.cucumber.core.runner.PickleStepDefinitionMatch.runStep(PickleStepDefinitionMatch.java:63)
	at io.cucumber.core.runner.ExecutionMode$1.execute(ExecutionMode.java:10)
	at io.cucumber.core.runner.TestStep.executeStep(TestStep.java:84)
	at io.cucumber.core.runner.TestStep.run(TestStep.java:56)
	at io.cucumber.core.runner.PickleStepTestStep.run(PickleStepTestStep.java:51)
	at io.cucumber.core.runner.TestCase.run(TestCase.java:84)
	at io.cucumber.core.runner.Runner.runPickle(Runner.java:75)
	at io.cucumber.junit.PickleRunners$NoStepDescriptions.lambda$run$0(PickleRunners.java:151)
	at io.cucumber.core.runtime.CucumberExecutionContext.lambda$runTestCase$5(CucumberExecutionContext.java:137)
	at io.cucumber.core.runtime.RethrowingThrowableCollector.executeAndThrow(RethrowingThrowableCollector.java:23)
	at io.cucumber.core.runtime.CucumberExecutionContext.runTestCase(CucumberExecutionContext.java:137)
	at io.cucumber.junit.PickleRunners$NoStepDescriptions.run(PickleRunners.java:148)
	at io.cucumber.junit.FeatureRunner.runChild(FeatureRunner.java:144)
	at io.cucumber.junit.FeatureRunner.runChild(FeatureRunner.java:28)
	at org.junit.runners.ParentRunner$4.run(ParentRunner.java:331)
	at org.junit.runners.ParentRunner$1.schedule(ParentRunner.java:79)
	at org.junit.runners.ParentRunner.runChildren(ParentRunner.java:329)
	at org.junit.runners.ParentRunner.access$100(ParentRunner.java:66)
	at org.junit.runners.ParentRunner$2.evaluate(ParentRunner.java:293)
	at org.junit.runners.ParentRunner$3.evaluate(ParentRunner.java:306)
	at org.junit.runners.ParentRunner.run(ParentRunner.java:413)
	at io.cucumber.junit.FeatureRunner.run(FeatureRunner.java:137)
	at io.cucumber.junit.Cucumber.runChild(Cucumber.java:196)
	at io.cucumber.junit.Cucumber.runChild(Cucumber.java:89)
	at org.junit.runners.ParentRunner$4.run(ParentRunner.java:331)
	at org.junit.runners.ParentRunner$1.schedule(ParentRunner.java:79)
	at org.junit.runners.ParentRunner.runChildren(ParentRunner.java:329)
	at org.junit.runners.ParentRunner.access$100(ParentRunner.java:66)
	at org.junit.runners.ParentRunner$2.evaluate(ParentRunner.java:293)
	at io.cucumber.core.runtime.CucumberExecutionContext.lambda$runFeatures$6(CucumberExecutionContext.java:148)
	at io.cucumber.core.runtime.CucumberExecutionContext.execute(CucumberExecutionContext.java:163)
	at io.cucumber.core.runtime.CucumberExecutionContext.runFeatures(CucumberExecutionContext.java:146)
	at io.cucumber.junit.Cucumber$StartAndFinishTestRun.evaluate(Cucumber.java:226)
	at org.junit.runners.ParentRunner$3.evaluate(ParentRunner.java:306)
	at org.junit.runners.ParentRunner.run(ParentRunner.java:413)
	at org.junit.runner.JUnitCore.run(JUnitCore.java:137)
	at com.intellij.junit4.JUnit4IdeaTestRunner.startRunnerWithArgs(JUnit4IdeaTestRunner.java:69)
	at com.intellij.rt.junit.IdeaTestRunner$Repeater$1.execute(IdeaTestRunner.java:38)
	at com.intellij.rt.execution.junit.TestsRepeater.repeat(TestsRepeater.java:11)
	at com.intellij.rt.junit.IdeaTestRunner$Repeater.startRunnerWithArgs(IdeaTestRunner.java:35)
	at com.intellij.rt.junit.JUnitStarter.prepareStreamsAndStart(JUnitStarter.java:232)
	at com.intellij.rt.junit.JUnitStarter.main(JUnitStarter.java:55)
Caused by: org.openqa.selenium.NoSuchElementException: Cannot locate an element using By.chained({AppiumBy.id: account_card_number})
For documentation on this error, please visit: https://www.selenium.dev/documentation/webdriver/troubleshooting/errors#no-such-element-exception
Build info: version: '4.21.0', revision: '79ed462ef4'
System info: os.name: 'Windows 10', os.arch: 'amd64', os.version: '10.0', java.version: '19.0.2'
Driver info: driver.version: RemoteWebDriver
	at io.appium.java_client.pagefactory.bys.builder.ByChained.findElement(ByChained.java:74)
	at org.openqa.selenium.remote.ElementLocation$ElementFinder$1.findElement(ElementLocation.java:139)
	at org.openqa.selenium.remote.ElementLocation.findElement(ElementLocation.java:59)
	at org.openqa.selenium.remote.RemoteWebDriver.findElement(RemoteWebDriver.java:355)
	at org.openqa.selenium.remote.RemoteWebDriver.findElement(RemoteWebDriver.java:349)
	at io.appium.java_client.pagefactory.bys.ContentMappedBy.findElement(ContentMappedBy.java:53)
	at org.openqa.selenium.remote.ElementLocation$ElementFinder$1.findElement(ElementLocation.java:139)
	at org.openqa.selenium.remote.ElementLocation.findElement(ElementLocation.java:59)
	at org.openqa.selenium.remote.RemoteWebDriver.findElement(RemoteWebDriver.java:355)
	at org.openqa.selenium.remote.RemoteWebDriver.findElement(RemoteWebDriver.java:349)
	at io.appium.java_client.pagefactory.AppiumElementLocator.lambda$findElement$1(AppiumElementLocator.java:160)
	at io.appium.java_client.pagefactory.AppiumElementLocator$WaitingFunction.apply(AppiumElementLocator.java:217)
	at io.appium.java_client.pagefactory.AppiumElementLocator$WaitingFunction.apply(AppiumElementLocator.java:210)
	at org.openqa.selenium.support.ui.FluentWait.until(FluentWait.java:203)
	... 55 more
</textarea>
      
      </div>
              </div>
              <div class="step pass-bg" title="AFTER_STEP">
                <span>stepDefinitions.Hook.afterEachStep(io.cucumber.java.Scenario)</span>
      <div>ba241ec3-f3d2-412a-b657-64a6c525deb5
          <div class="row mb-3"><div class="col-md-3">
<img data-featherlight='screenshots/embedded5.png' src="screenshots/embedded5.png">
    
    </div></div>
</div>
      <div>
      </div>
              </div>
              <div class="step skip-bg" title="stepDefinitions.AccountSteps.userShouldSeePaypalTitle()">
                <span>Then User should see paypal title</span>
      <div>Step skipped
      </div>
              </div>
              <div class="step skip-bg" title="stepDefinitions.AccountSteps.userVerifiesEditPayPalButton()">
                <span>Then user verifies Edit Pay Pal button</span>
      <div>Step skipped
      </div>
              </div>
          </div>
        </div>
  </div>
</div>
          </div>
        </li>
      </ul>
    </div>
  </div>
<div class="test-content scrollable">
<div class="test-content-tools">
<ul><li><a class="back-to-test" href="#"><i class="fa fa-arrow-left"></i></a></li></ul>
</div>
<div class="test-content-detail"><div class="detail-body"></div></div>
</div></div>
<div class="test-wrapper row view exception-view attributes-view">
<div class="test-list">
<div class="test-list-tools">
<ul class="tools pull-left"><li><a href=""><span class="font-size-14">Exception</span></a></li></ul>
<ul class="tools text-right"><li><a href="#"><span class="badge badge-primary">2</span></a></li></ul>
</div>
<div class="test-list-wrapper scrollable">
<ul class="test-list-item">
<li class="test-item">
<div class="test-detail">
<span class="meta">
<span class='badge log badge-danger'>3</span>
</span>
<p class="name">java.lang.AssertionError</p>
<p class="duration text-sm">3 tests</p>
</div>
<div class="test-contents d-none">
<div class="info">
<h4>java.lang.AssertionError</h4>
<span status="fail" class='badge log badge-danger'>3 failed</span>
</div>
<table class='table table-sm mt-4'>
<thead>
<tr>
<th class="status-col">Status</th>
<th class="timestamp-col">Timestamp</th>
<th>TestName</th>
</tr>
</thead>
<tbody>
<tr class="tag-test-status" status="fail">
<td><span class="badge log fail-bg">Fail</span></td>
<td>15:11:43 pm</td>
<td>
<a href="#" class="linked" test-id='1' id='30'>Then app to dismiss the popup and navigate the user to LID after review</a>
<div class="">
<span class="badge badge-default">COFChallengeFlow.System to display Custom UI if the challenge flow is issued for the COF onboarding(Manual Registration).Then app to dismiss the popup and navigate the user to LID after review</span>
</div>
</td>
</tr>
<tr class="tag-test-status" status="fail">
<td><span class="badge log fail-bg">Fail</span></td>
<td>15:13:10 pm</td>
<td>
<a href="#" class="linked" test-id='101' id='106'>And user taps on More button in tab bar</a>
<div class="">
<span class="badge badge-default">PayOutside.Manual user -See whether app displaying Google Pay as payment method in the Account screen.And user taps on More button in tab bar</span>
</div>
</td>
</tr>
<tr class="tag-test-status" status="fail">
<td><span class="badge log fail-bg">Fail</span></td>
<td>15:16:34 pm</td>
<td>
<a href="#" class="linked" test-id='101' id='153'>And user clicks on ok button in card added message</a>
<div class="">
<span class="badge badge-default">PayOutside.Manual user -See whether app displaying Google Pay as payment method in the Choose Default method in Account screen.And user clicks on ok button in card added message</span>
</div>
</td>
</tr>
</tbody>
</table>
</div>
</li>
<li class="test-item">
<div class="test-detail">
<span class="meta">
<span class='badge log badge-danger'>2</span>
</span>
<p class="name">org.openqa.selenium.NoSuchElementException</p>
<p class="duration text-sm">2 tests</p>
</div>
<div class="test-contents d-none">
<div class="info">
<h4>org.openqa.selenium.NoSuchElementException</h4>
<span status="fail" class='badge log badge-danger'>2 failed</span>
</div>
<table class='table table-sm mt-4'>
<thead>
<tr>
<th class="status-col">Status</th>
<th class="timestamp-col">Timestamp</th>
<th>TestName</th>
</tr>
</thead>
<tbody>
<tr class="tag-test-status" status="fail">
<td><span class="badge log fail-bg">Fail</span></td>
<td>15:17:55 pm</td>
<td>
<a href="#" class="linked" test-id='101' id='180'>Then user should display google pay already linked pop-up to the user</a>
<div class="">
<span class="badge badge-default">PayOutside.Manual user -Verify whether App displaying the google pay already linked pop-up to the user.Then user should display google pay already linked pop-up to the user</span>
</div>
</td>
</tr>
<tr class="tag-test-status" status="fail">
<td><span class="badge log fail-bg">Fail</span></td>
<td>15:20:48 pm</td>
<td>
<a href="#" class="linked" test-id='185' id='202'>Then user verifies paypal email id with masked</a>
<div class="">
<span class="badge badge-default">UKRegressionFeatures.Verify that whether app is displaying the PayPal payment method under the payment method section.Then user verifies paypal email id with masked</span>
</div>
</td>
</tr>
</tbody>
</table>
</div>
</li>
</ul>
</div>
</div>
<div class="test-content scrollable">
<div class="test-content-detail">
<div class="detail-body"></div>
</div>
</div>
</div><div class="test-wrapper row view category-view attributes-view">
<div class="test-list">
<div class="test-list-tools">
<ul class="tools pull-left"><li><a href=""><span class="font-size-14">Category</span></a></li></ul>
<ul class="tools text-right"><li><a href="#"><span class="badge badge-primary">11</span></a></li></ul>
</div>
<div class="test-list-wrapper scrollable">
<ul class="test-list-item">
<li class="test-item">
<div class="test-detail">
<span class="meta">
<span class='badge log badge-danger'>5</span>
</span>
<p class="name">@Sprintandroid2414</p>
<p class="duration text-sm">5 tests</p>
</div>
<div class="test-contents d-none">
<div class="info">
<h4>@Sprintandroid2414</h4>
<span status="fail" class='badge log badge-danger'>5 failed</span>
</div>
<table class='table table-sm mt-4'>
<thead>
<tr>
<th class="status-col">Status</th>
<th class="timestamp-col">Timestamp</th>
<th>TestName</th>
</tr>
</thead>
<tbody>
<tr class="tag-test-status" status="fail">
<td><span class="badge log fail-bg">Fail</span></td>
<td>15:09:42 pm</td>
<td>
<a href="#" class="linked" test-id='1' id='2'>System to display Custom UI if the challenge flow is issued for the COF onboarding(Manual Registration)</a>
<div class="">
<span class="badge badge-default">COFChallengeFlow.System to display Custom UI if the challenge flow is issued for the COF onboarding(Manual Registration)</span>
</div>
</td>
</tr>
<tr class="tag-test-status" status="fail">
<td><span class="badge log fail-bg">Fail</span></td>
<td>15:12:27 pm</td>
<td>
<a href="#" class="linked" test-id='101' id='102'>Manual user -See whether app displaying Google Pay as payment method in the Account screen</a>
<div class="">
<span class="badge badge-default">PayOutside.Manual user -See whether app displaying Google Pay as payment method in the Account screen</span>
</div>
</td>
</tr>
<tr class="tag-test-status" status="fail">
<td><span class="badge log fail-bg">Fail</span></td>
<td>15:14:13 pm</td>
<td>
<a href="#" class="linked" test-id='101' id='119'>Manual user -See whether app displaying Google Pay as payment method in the Choose Default method in Account screen</a>
<div class="">
<span class="badge badge-default">PayOutside.Manual user -See whether app displaying Google Pay as payment method in the Choose Default method in Account screen</span>
</div>
</td>
</tr>
<tr class="tag-test-status" status="fail">
<td><span class="badge log fail-bg">Fail</span></td>
<td>15:17:05 pm</td>
<td>
<a href="#" class="linked" test-id='101' id='166'>Manual user -Verify whether App displaying the google pay already linked pop-up to the user</a>
<div class="">
<span class="badge badge-default">PayOutside.Manual user -Verify whether App displaying the google pay already linked pop-up to the user</span>
</div>
</td>
</tr>
<tr class="tag-test-status" status="fail">
<td><span class="badge log fail-bg">Fail</span></td>
<td>15:18:06 pm</td>
<td>
<a href="#" class="linked" test-id='185' id='186'>Verify that whether app is displaying the PayPal payment method under the payment method section</a>
<div class="">
<span class="badge badge-default">UKRegressionFeatures.Verify that whether app is displaying the PayPal payment method under the payment method section</span>
</div>
</td>
</tr>
</tbody>
</table>
</div>
</li>
<li class="test-item">
<div class="test-detail">
<span class="meta">
<span class='badge log badge-danger'>1</span>
</span>
<p class="name">@P11270-22567</p>
<p class="duration text-sm">1 tests</p>
</div>
<div class="test-contents d-none">
<div class="info">
<h4>@P11270-22567</h4>
<span status="fail" class='badge log badge-danger'>1 failed</span>
</div>
<table class='table table-sm mt-4'>
<thead>
<tr>
<th class="status-col">Status</th>
<th class="timestamp-col">Timestamp</th>
<th>TestName</th>
</tr>
</thead>
<tbody>
<tr class="tag-test-status" status="fail">
<td><span class="badge log fail-bg">Fail</span></td>
<td>15:09:42 pm</td>
<td>
<a href="#" class="linked" test-id='1' id='2'>System to display Custom UI if the challenge flow is issued for the COF onboarding(Manual Registration)</a>
<div class="">
<span class="badge badge-default">COFChallengeFlow.System to display Custom UI if the challenge flow is issued for the COF onboarding(Manual Registration)</span>
</div>
</td>
</tr>
</tbody>
</table>
</div>
</li>
<li class="test-item">
<div class="test-detail">
<span class="meta">
<span class='badge log badge-danger'>3</span>
</span>
<p class="name">@PayOutside</p>
<p class="duration text-sm">3 tests</p>
</div>
<div class="test-contents d-none">
<div class="info">
<h4>@PayOutside</h4>
<span status="fail" class='badge log badge-danger'>3 failed</span>
</div>
<table class='table table-sm mt-4'>
<thead>
<tr>
<th class="status-col">Status</th>
<th class="timestamp-col">Timestamp</th>
<th>TestName</th>
</tr>
</thead>
<tbody>
<tr class="tag-test-status" status="fail">
<td><span class="badge log fail-bg">Fail</span></td>
<td>15:12:27 pm</td>
<td>
<a href="#" class="linked" test-id='101' id='102'>Manual user -See whether app displaying Google Pay as payment method in the Account screen</a>
<div class="">
<span class="badge badge-default">PayOutside.Manual user -See whether app displaying Google Pay as payment method in the Account screen</span>
</div>
</td>
</tr>
<tr class="tag-test-status" status="fail">
<td><span class="badge log fail-bg">Fail</span></td>
<td>15:14:13 pm</td>
<td>
<a href="#" class="linked" test-id='101' id='119'>Manual user -See whether app displaying Google Pay as payment method in the Choose Default method in Account screen</a>
<div class="">
<span class="badge badge-default">PayOutside.Manual user -See whether app displaying Google Pay as payment method in the Choose Default method in Account screen</span>
</div>
</td>
</tr>
<tr class="tag-test-status" status="fail">
<td><span class="badge log fail-bg">Fail</span></td>
<td>15:17:05 pm</td>
<td>
<a href="#" class="linked" test-id='101' id='166'>Manual user -Verify whether App displaying the google pay already linked pop-up to the user</a>
<div class="">
<span class="badge badge-default">PayOutside.Manual user -Verify whether App displaying the google pay already linked pop-up to the user</span>
</div>
</td>
</tr>
</tbody>
</table>
</div>
</li>
<li class="test-item">
<div class="test-detail">
<span class="meta">
<span class='badge log badge-danger'>1</span>
</span>
<p class="name">@COFChallengeFlow</p>
<p class="duration text-sm">1 tests</p>
</div>
<div class="test-contents d-none">
<div class="info">
<h4>@COFChallengeFlow</h4>
<span status="fail" class='badge log badge-danger'>1 failed</span>
</div>
<table class='table table-sm mt-4'>
<thead>
<tr>
<th class="status-col">Status</th>
<th class="timestamp-col">Timestamp</th>
<th>TestName</th>
</tr>
</thead>
<tbody>
<tr class="tag-test-status" status="fail">
<td><span class="badge log fail-bg">Fail</span></td>
<td>15:09:42 pm</td>
<td>
<a href="#" class="linked" test-id='1' id='2'>System to display Custom UI if the challenge flow is issued for the COF onboarding(Manual Registration)</a>
<div class="">
<span class="badge badge-default">COFChallengeFlow.System to display Custom UI if the challenge flow is issued for the COF onboarding(Manual Registration)</span>
</div>
</td>
</tr>
</tbody>
</table>
</div>
</li>
<li class="test-item">
<div class="test-detail">
<span class="meta">
<span class='badge log badge-danger'>1</span>
</span>
<p class="name">@UK_Regression_Features</p>
<p class="duration text-sm">1 tests</p>
</div>
<div class="test-contents d-none">
<div class="info">
<h4>@UK_Regression_Features</h4>
<span status="fail" class='badge log badge-danger'>1 failed</span>
</div>
<table class='table table-sm mt-4'>
<thead>
<tr>
<th class="status-col">Status</th>
<th class="timestamp-col">Timestamp</th>
<th>TestName</th>
</tr>
</thead>
<tbody>
<tr class="tag-test-status" status="fail">
<td><span class="badge log fail-bg">Fail</span></td>
<td>15:18:06 pm</td>
<td>
<a href="#" class="linked" test-id='185' id='186'>Verify that whether app is displaying the PayPal payment method under the payment method section</a>
<div class="">
<span class="badge badge-default">UKRegressionFeatures.Verify that whether app is displaying the PayPal payment method under the payment method section</span>
</div>
</td>
</tr>
</tbody>
</table>
</div>
</li>
<li class="test-item">
<div class="test-detail">
<span class="meta">
<span class='badge log badge-danger'>1</span>
</span>
<p class="name">@P11270-39687</p>
<p class="duration text-sm">1 tests</p>
</div>
<div class="test-contents d-none">
<div class="info">
<h4>@P11270-39687</h4>
<span status="fail" class='badge log badge-danger'>1 failed</span>
</div>
<table class='table table-sm mt-4'>
<thead>
<tr>
<th class="status-col">Status</th>
<th class="timestamp-col">Timestamp</th>
<th>TestName</th>
</tr>
</thead>
<tbody>
<tr class="tag-test-status" status="fail">
<td><span class="badge log fail-bg">Fail</span></td>
<td>15:12:27 pm</td>
<td>
<a href="#" class="linked" test-id='101' id='102'>Manual user -See whether app displaying Google Pay as payment method in the Account screen</a>
<div class="">
<span class="badge badge-default">PayOutside.Manual user -See whether app displaying Google Pay as payment method in the Account screen</span>
</div>
</td>
</tr>
</tbody>
</table>
</div>
</li>
<li class="test-item">
<div class="test-detail">
<span class="meta">
<span class='badge log badge-danger'>1</span>
</span>
<p class="name">@P11270-35414</p>
<p class="duration text-sm">1 tests</p>
</div>
<div class="test-contents d-none">
<div class="info">
<h4>@P11270-35414</h4>
<span status="fail" class='badge log badge-danger'>1 failed</span>
</div>
<table class='table table-sm mt-4'>
<thead>
<tr>
<th class="status-col">Status</th>
<th class="timestamp-col">Timestamp</th>
<th>TestName</th>
</tr>
</thead>
<tbody>
<tr class="tag-test-status" status="fail">
<td><span class="badge log fail-bg">Fail</span></td>
<td>15:18:06 pm</td>
<td>
<a href="#" class="linked" test-id='185' id='186'>Verify that whether app is displaying the PayPal payment method under the payment method section</a>
<div class="">
<span class="badge badge-default">UKRegressionFeatures.Verify that whether app is displaying the PayPal payment method under the payment method section</span>
</div>
</td>
</tr>
</tbody>
</table>
</div>
</li>
<li class="test-item">
<div class="test-detail">
<span class="meta">
<span class='badge log badge-danger'>3</span>
</span>
<p class="name">@AndroidRegressionSet2</p>
<p class="duration text-sm">3 tests</p>
</div>
<div class="test-contents d-none">
<div class="info">
<h4>@AndroidRegressionSet2</h4>
<span status="fail" class='badge log badge-danger'>3 failed</span>
</div>
<table class='table table-sm mt-4'>
<thead>
<tr>
<th class="status-col">Status</th>
<th class="timestamp-col">Timestamp</th>
<th>TestName</th>
</tr>
</thead>
<tbody>
<tr class="tag-test-status" status="fail">
<td><span class="badge log fail-bg">Fail</span></td>
<td>15:12:27 pm</td>
<td>
<a href="#" class="linked" test-id='101' id='102'>Manual user -See whether app displaying Google Pay as payment method in the Account screen</a>
<div class="">
<span class="badge badge-default">PayOutside.Manual user -See whether app displaying Google Pay as payment method in the Account screen</span>
</div>
</td>
</tr>
<tr class="tag-test-status" status="fail">
<td><span class="badge log fail-bg">Fail</span></td>
<td>15:14:13 pm</td>
<td>
<a href="#" class="linked" test-id='101' id='119'>Manual user -See whether app displaying Google Pay as payment method in the Choose Default method in Account screen</a>
<div class="">
<span class="badge badge-default">PayOutside.Manual user -See whether app displaying Google Pay as payment method in the Choose Default method in Account screen</span>
</div>
</td>
</tr>
<tr class="tag-test-status" status="fail">
<td><span class="badge log fail-bg">Fail</span></td>
<td>15:17:05 pm</td>
<td>
<a href="#" class="linked" test-id='101' id='166'>Manual user -Verify whether App displaying the google pay already linked pop-up to the user</a>
<div class="">
<span class="badge badge-default">PayOutside.Manual user -Verify whether App displaying the google pay already linked pop-up to the user</span>
</div>
</td>
</tr>
</tbody>
</table>
</div>
</li>
<li class="test-item">
<div class="test-detail">
<span class="meta">
<span class='badge log badge-danger'>1</span>
</span>
<p class="name">@P11270-39722</p>
<p class="duration text-sm">1 tests</p>
</div>
<div class="test-contents d-none">
<div class="info">
<h4>@P11270-39722</h4>
<span status="fail" class='badge log badge-danger'>1 failed</span>
</div>
<table class='table table-sm mt-4'>
<thead>
<tr>
<th class="status-col">Status</th>
<th class="timestamp-col">Timestamp</th>
<th>TestName</th>
</tr>
</thead>
<tbody>
<tr class="tag-test-status" status="fail">
<td><span class="badge log fail-bg">Fail</span></td>
<td>15:17:05 pm</td>
<td>
<a href="#" class="linked" test-id='101' id='166'>Manual user -Verify whether App displaying the google pay already linked pop-up to the user</a>
<div class="">
<span class="badge badge-default">PayOutside.Manual user -Verify whether App displaying the google pay already linked pop-up to the user</span>
</div>
</td>
</tr>
</tbody>
</table>
</div>
</li>
<li class="test-item">
<div class="test-detail">
<span class="meta">
<span class='badge log badge-danger'>5</span>
</span>
<p class="name">@AndroidRegression</p>
<p class="duration text-sm">5 tests</p>
</div>
<div class="test-contents d-none">
<div class="info">
<h4>@AndroidRegression</h4>
<span status="fail" class='badge log badge-danger'>5 failed</span>
</div>
<table class='table table-sm mt-4'>
<thead>
<tr>
<th class="status-col">Status</th>
<th class="timestamp-col">Timestamp</th>
<th>TestName</th>
</tr>
</thead>
<tbody>
<tr class="tag-test-status" status="fail">
<td><span class="badge log fail-bg">Fail</span></td>
<td>15:09:42 pm</td>
<td>
<a href="#" class="linked" test-id='1' id='2'>System to display Custom UI if the challenge flow is issued for the COF onboarding(Manual Registration)</a>
<div class="">
<span class="badge badge-default">COFChallengeFlow.System to display Custom UI if the challenge flow is issued for the COF onboarding(Manual Registration)</span>
</div>
</td>
</tr>
<tr class="tag-test-status" status="fail">
<td><span class="badge log fail-bg">Fail</span></td>
<td>15:12:27 pm</td>
<td>
<a href="#" class="linked" test-id='101' id='102'>Manual user -See whether app displaying Google Pay as payment method in the Account screen</a>
<div class="">
<span class="badge badge-default">PayOutside.Manual user -See whether app displaying Google Pay as payment method in the Account screen</span>
</div>
</td>
</tr>
<tr class="tag-test-status" status="fail">
<td><span class="badge log fail-bg">Fail</span></td>
<td>15:14:13 pm</td>
<td>
<a href="#" class="linked" test-id='101' id='119'>Manual user -See whether app displaying Google Pay as payment method in the Choose Default method in Account screen</a>
<div class="">
<span class="badge badge-default">PayOutside.Manual user -See whether app displaying Google Pay as payment method in the Choose Default method in Account screen</span>
</div>
</td>
</tr>
<tr class="tag-test-status" status="fail">
<td><span class="badge log fail-bg">Fail</span></td>
<td>15:17:05 pm</td>
<td>
<a href="#" class="linked" test-id='101' id='166'>Manual user -Verify whether App displaying the google pay already linked pop-up to the user</a>
<div class="">
<span class="badge badge-default">PayOutside.Manual user -Verify whether App displaying the google pay already linked pop-up to the user</span>
</div>
</td>
</tr>
<tr class="tag-test-status" status="fail">
<td><span class="badge log fail-bg">Fail</span></td>
<td>15:18:06 pm</td>
<td>
<a href="#" class="linked" test-id='185' id='186'>Verify that whether app is displaying the PayPal payment method under the payment method section</a>
<div class="">
<span class="badge badge-default">UKRegressionFeatures.Verify that whether app is displaying the PayPal payment method under the payment method section</span>
</div>
</td>
</tr>
</tbody>
</table>
</div>
</li>
<li class="test-item">
<div class="test-detail">
<span class="meta">
<span class='badge log badge-danger'>1</span>
</span>
<p class="name">@P11270-39693</p>
<p class="duration text-sm">1 tests</p>
</div>
<div class="test-contents d-none">
<div class="info">
<h4>@P11270-39693</h4>
<span status="fail" class='badge log badge-danger'>1 failed</span>
</div>
<table class='table table-sm mt-4'>
<thead>
<tr>
<th class="status-col">Status</th>
<th class="timestamp-col">Timestamp</th>
<th>TestName</th>
</tr>
</thead>
<tbody>
<tr class="tag-test-status" status="fail">
<td><span class="badge log fail-bg">Fail</span></td>
<td>15:14:13 pm</td>
<td>
<a href="#" class="linked" test-id='101' id='119'>Manual user -See whether app displaying Google Pay as payment method in the Choose Default method in Account screen</a>
<div class="">
<span class="badge badge-default">PayOutside.Manual user -See whether app displaying Google Pay as payment method in the Choose Default method in Account screen</span>
</div>
</td>
</tr>
</tbody>
</table>
</div>
</li>
</ul>
</div>
</div>
<div class="test-content scrollable">
<div class="test-content-detail">
<div class="detail-body"></div>
</div>
</div>
</div><div class="container-fluid p-4 view dashboard-view">
<div class="row">
<div class="col-md-3">
<div class="card"><div class="card-body">
<p class="m-b-0">Started</p>
<h3>Jul 4, 2024 03:09:40 pm</h3>
</div></div>
</div>
<div class="col-md-3">
<div class="card"><div class="card-body">
<p class="m-b-0">Ended</p>
<h3>Jul 4, 2024 03:20:58 pm</h3>
</div></div>
</div>
<div class="col-md-3">
<div class="card"><div class="card-body">
<p class="m-b-0 text-pass">Features Passed</p>
<h3>0</h3>
</div></div>
</div>
<div class="col-md-3">
<div class="card"><div class="card-body">
<p class="m-b-0 text-fail">Features Failed</p>
<h3>3</h3>
</div></div>
</div>
</div>
<div class="row">
<div class="col-md-4">
<div class="card">
<div class="card-header">
<h6 class="card-title">Features</h6>
</div>
<div class="card-body">
<div class="">
<canvas id='parent-analysis' width='115' height='90'></canvas>
</div>
</div>
<div class="card-footer">
<div><small data-tooltip='0%'>
<b>0</b> features passed
</small>
</div>
<div>
<small data-tooltip='100%'><b>3</b> features failed,
<b>0</b> skipped, <b data-tooltip='0%'>0</b> others
</small>
</div>
</div>
</div>
</div>
<div class="col-md-4">
<div class="card">
<div class="card-header">
<h6 class="card-title">Scenarios</h6>
</div>
<div class="card-body">
<div class="">
<canvas id='child-analysis' width='115' height='90'></canvas>
</div>
</div>
<div class="card-footer">
<div><small data-tooltip='0%'><b>0</b> scenarios passed</small></div>
<div>
<small data-tooltip='100%'><b>5</b> scenarios failed,
<b>0</b> skipped, <b data-tooltip='%'>0</b> others
</small>
</div>
</div>
</div>
</div>
<div class="col-md-4">
<div class="card">
<div class="card-header">
<h6 class="card-title">Steps</h6>
</div>
<div class="card-body">
<div class="">
<canvas id='grandchild-analysis' width='115' height='90'></canvas>
</div>
</div>
<div class="card-footer">
<div><small data-tooltip='48%'><b>48</b> steps passed</small></div>
<div>
<small data-tooltip='5%'><b>5</b> steps failed,
<b>47</b> skipped, <b data-tooltip='%'>0</b> others
</small>
</div>
</div>
</div>
</div>
</div>
<div class="row"><div class="col-md-12">
<div class="card"><div class="card-header"><p>Timeline</p></div>
<div class="card-body pt-0"><div>
<canvas id="timeline" height="120"></canvas>
</div></div>
</div>
</div></div>
<script>
var timeline = {
"COFChallengeFlow":165.324,"PayOutside":339.056,"UKRegressionFeatures":171.546
};
</script>
<div class="row">
<div class="col-lg-6 col-md-12 category-container">
<div class="card">
<div class="card-header"><p>Tags</p></div>
<div class="card-body pb-0 pt-0"><table class="table table-sm table-bordered">
<thead><tr class="bg-gray"><th>Name</th><th>Passed</th><th>Failed</th><th>Skipped</th><th>Others</th><th>Passed %</th></tr></thead><tbody>
<tr>
<td>@Sprintandroid2414</td>
<td>0</td>
<td>5</td>
<td>0</td>
<td>0</td>
<td>0%</td>
</tr>
<tr>
<td>@P11270-22567</td>
<td>0</td>
<td>1</td>
<td>0</td>
<td>0</td>
<td>0%</td>
</tr>
<tr>
<td>@PayOutside</td>
<td>0</td>
<td>3</td>
<td>0</td>
<td>0</td>
<td>0%</td>
</tr>
<tr>
<td>@COFChallengeFlow</td>
<td>0</td>
<td>1</td>
<td>0</td>
<td>0</td>
<td>0%</td>
</tr>
<tr>
<td>@UK_Regression_Features</td>
<td>0</td>
<td>1</td>
<td>0</td>
<td>0</td>
<td>0%</td>
</tr>
<tr>
<td>@P11270-39687</td>
<td>0</td>
<td>1</td>
<td>0</td>
<td>0</td>
<td>0%</td>
</tr>
<tr>
<td>@P11270-35414</td>
<td>0</td>
<td>1</td>
<td>0</td>
<td>0</td>
<td>0%</td>
</tr>
<tr>
<td>@AndroidRegressionSet2</td>
<td>0</td>
<td>3</td>
<td>0</td>
<td>0</td>
<td>0%</td>
</tr>
<tr>
<td>@P11270-39722</td>
<td>0</td>
<td>1</td>
<td>0</td>
<td>0</td>
<td>0%</td>
</tr>
<tr>
<td>@AndroidRegression</td>
<td>0</td>
<td>5</td>
<td>0</td>
<td>0</td>
<td>0%</td>
</tr>
<tr>
<td>@P11270-39693</td>
<td>0</td>
<td>1</td>
<td>0</td>
<td>0</td>
<td>0%</td>
</tr>
</tbody>
</table></div>
</div>
</div>
</div>
</div>
<script>
var statusGroup = {
parentCount: 5,
passParent: 0,
failParent: 3,
warningParent: 0,
skipParent: 0,
childCount: 5,
passChild: 0,
failChild: 5,
warningChild: 0,
skipChild: 0,
infoChild: 0,
grandChildCount: 5,
passGrandChild: 48,
failGrandChild: 5,
warningGrandChild: 0,
skipGrandChild: 47,
infoGrandChild: 0,
eventsCount: 5,
};
</script>        </div>
      </div>
    </div>
  </div>
<script src="https://cdn.jsdelivr.net/gh/extent-framework/extent-github-cdn@ce8b10435bcbae260c334c0d0c6b61d2c19b6168/spark/js/spark-script.js"></script>
<script type="text/javascript"></script></body>
</html>