

<!DOCTYPE html>
<html>
<head>
<meta charset="UTF-8">
<meta name="viewport" content="width=device-width, initial-scale=1, shrink-to-fit=no">
<title>Fiserv UK Automation</title>
<link rel="apple-touch-icon" href="https://cdn.jsdelivr.net/gh/extent-framework/extent-github-cdn@b00a2d0486596e73dd7326beacf352c639623a0e/commons/img/logo.png">
<link rel="shortcut icon" href="https://cdn.jsdelivr.net/gh/extent-framework/extent-github-cdn@b00a2d0486596e73dd7326beacf352c639623a0e/commons/img/logo.png">
<link href="https://cdn.jsdelivr.net/gh/extent-framework/extent-github-cdn@ce8b10435bcbae260c334c0d0c6b61d2c19b6168/spark/css/spark-style.css" rel="stylesheet" />
<link href="https://stackpath.bootstrapcdn.com/font-awesome/4.7.0/css/font-awesome.min.css" rel="stylesheet">
<script src="https://cdn.jsdelivr.net/gh/extent-framework/extent-github-cdn@7cc78ce/spark/js/jsontree.js"></script>
<style type="text/css"></style></head><body class="spa bdd-report standard">
  <div class="app">
    <div class="layout">
<div class="header navbar">
<div class="vheader">
<div class="nav-logo">
<a href="#">
<div class="logo" style="background-image: url('https://cdn.jsdelivr.net/gh/extent-framework/extent-github-cdn@b00a2d0486596e73dd7326beacf352c639623a0e/commons/img/logo.png')"></div>
</a>
</div>
<ul class="nav-left">
<li class="search-box">
<a class="search-toggle" href="#">
<i class="search-icon fa fa-search"></i>
<i class="search-icon-close fa fa-close"></i>
</a>
</li>
<li class="search-input"><input id="search-tests" class="form-control" type="text" placeholder="Search..."></li>
</ul>
<ul class="nav-right">
<li class="m-r-10">
<a href="#"><span class="badge badge-primary">Fiserv Mobile - Automation</span></a>
</li>
<li class="m-r-10">
<a href="#"><span class="badge badge-primary">Jun 10, 2024 04:51:09 pm</span></a>
</li>
</ul>
</div>
</div><div class="side-nav">
<div class="side-nav-inner">
<ul class="side-nav-menu">
<li class="nav-item dropdown" onclick="toggleView('test-view')">
<a id="nav-test" class="dropdown-toggle" href="#">
<span class="ico"><i class="fa fa-list"></i></span>
</a>
</li>
<li class="nav-item dropdown" onclick="toggleView('exception-view')">
<a id="nav-exception" class="dropdown-toggle" href="#">
<span class="ico"><i class="fa fa-bug"></i></span>
</a>
</li>
<li class="nav-item dropdown" onclick="toggleView('category-view')">
<a id="nav-category" class="dropdown-toggle" href="#">
<span class="ico"><i class="fa fa-tag"></i></span>
</a>
</li>
<li class="nav-item dropdown" onclick="toggleView('dashboard-view')">
<a id="nav-dashboard" class="dropdown-toggle" href="#">
<span class="ico"><i class="fa fa-bar-chart"></i></span>
</a>
</li>
</ul>
</div>
</div>      <div class="vcontainer">
        <div class="main-content">
<div class="test-wrapper row view test-view">
  <div class="test-list">
    <div class="test-list-tools">
<ul class="tools pull-left">
<li><a href="#"><span class="font-size-14">Tests</span></a></li>
</ul>
<ul class="tools text-right">
<li class="dropdown">
<a href="#" class="dropdown-toggle" data-toggle="dropdown"><i class="fa fa-exclamation-circle"></i></a>
<ul id="status-toggle" class="dropdown-menu dropdown-md p-v-0">
<a class="dropdown-item" status="fail" href="#"><span>Fail</span><span class="status danger"></span></a>
<div class="dropdown-divider"></div>
<a status="clear" class="dropdown-item" href="#"><span>Clear</span><span class="pull-right"><i class="fa fa-close"></i></span></a>
</ul>
</li>
<li class="dropdown">
<a href="#" class="dropdown-toggle" data-toggle="dropdown"><i class="fa fa-tag"></i></a>
<ul id="tag-toggle" class="dropdown-menu dropdown-md p-v-0">
<a class="dropdown-item" href="#">@App_Install_Launch</a><a class="dropdown-item" href="#">@P11270-21740</a><a class="dropdown-item" href="#">@P11270-21713</a><a class="dropdown-item" href="#">@P11270-21742</a><a class="dropdown-item" href="#">@AndroidRegressionSet2</a><a class="dropdown-item" href="#">@P11270-21716</a><a class="dropdown-item" href="#">@P11270-21715</a><a class="dropdown-item" href="#">@P11270-21741</a><a class="dropdown-item" href="#">@P11270-21744</a><a class="dropdown-item" href="#">@Sprintandroid2413</a><a class="dropdown-item" href="#">@AndroidRegression</a>
</ul>
</li>
</ul>
</div>    <div class="test-list-wrapper scrollable">
      <ul class="test-list-item">
        <li class="test-item"  status="fail" test-id="1"
          author=""
          tag=""
          device="">
          <div class="test-detail">
            <p class="name">App_Install_Launch</p>
            <p class="text-sm">
              <span>4:51:10 pm</span> / <span>00:07:15:991</span>
              <span class="badge fail-bg log float-right">Fail</span>
            </p>
          </div>
          <div class="test-contents d-none">
<div class="detail-head">
<div class="p-v-10">
<div class="info">
<h5 class="test-status text-fail">App_Install_Launch</h5>
<span class='badge badge-success'>06.10.2024 4:51:10 pm</span>
<span class='badge badge-danger'>06.10.2024 4:58:26 pm</span>
<span class='badge badge-default'>00:07:15:991</span>
&middot; <span class='uri-anchor badge badge-default'>#test-id=1</span>
<span title='Skip to the next failed step' class='badge badge-danger pointer float-right ne ml-1'><i class="fa fa-fast-forward"></i></span>
<span title='Collapse all nodes' class='badge badge-default pointer float-right ct ml-1'><i class="fa fa-compress"></i></span>
<span title='Expand all nodes' class='badge badge-default pointer float-right et'><i class="fa fa-expand"></i></span>
</div>
<div class="m-t-10 m-l-5"></div>
</div>
</div>
<div class="accordion mt-4">
  <div class="card">
    <div class="card-header" role="tab">
      <div class="card-title">
        <div class="node" id="2"><span class="badge log pass-bg mr-2">Pass</span>Verify for user privacy policy selection in settings screen</div>
      </div>
    </div>
        <div class="collapse">
          <div class="card-body">
              <div class="step pass-bg" title="stepDefinitions.OffersSteps.reset_the_app()">
                <span>Given reset the app</span>
      <div>
      </div>
              </div>
              <div class="step pass-bg" title="stepDefinitions.AppInstallAndLaunchSteps.applicationShouldDisplayCookieSetting()">
                <span>Then application should display cookie setting</span>
      <div>
      </div>
              </div>
              <div class="step pass-bg" title="stepDefinitions.AppInstallAndLaunchSteps.applicationShouldDisplayAcceptAllButton()">
                <span>Then application should display Accept All button</span>
      <div>
      </div>
              </div>
              <div class="step pass-bg" title="stepDefinitions.AppInstallAndLaunchSteps.applicationShouldDisplayRejectAllButton()">
                <span>Then application should display Reject All button</span>
      <div>
      </div>
              </div>
              <div class="step pass-bg" title="stepDefinitions.AppInstallAndLaunchSteps.applicationShouldDisplayManageOptionsButton()">
                <span>Then application should display Manage Options button</span>
      <div>
      </div>
              </div>
              <div class="step pass-bg" title="stepDefinitions.AppInstallAndLaunchSteps.userTapsOnAcceptAllButton()">
                <span>When user taps on Accept All button</span>
      <div>
      </div>
              </div>
              <div class="step pass-bg" title="stepDefinitions.AppInstallAndLaunchSteps.user_tap_on_next_button()">
                <span>When user tap on next button</span>
      <div>
      </div>
              </div>
              <div class="step pass-bg" title="stepDefinitions.AppInstallAndLaunchSteps.validate_second_screen()">
                <span>Then Validate second screen</span>
      <div>
      </div>
              </div>
              <div class="step pass-bg" title="stepDefinitions.AppInstallAndLaunchSteps.user_tap_on_next_button()">
                <span>When user tap on next button</span>
      <div>
      </div>
              </div>
              <div class="step pass-bg" title="stepDefinitions.OffersSteps.validate_third_screen()">
                <span>Then Validate third screen</span>
      <div>
      </div>
              </div>
              <div class="step pass-bg" title="stepDefinitions.AppInstallAndLaunchSteps.userTapsOnGetStartedButtonInTheTutorialScreen()">
                <span>When user taps on Get Started button in the tutorial screen</span>
      <div>
      </div>
              </div>
              <div class="step pass-bg" title="stepDefinitions.AppInstallAndLaunchSteps.userAllowsNotification()">
                <span>Then user allows notification</span>
      <div>
      </div>
              </div>
              <div class="step pass-bg" title="stepDefinitions.AppInstallAndLaunchSteps.clickOnOKButtonOnNLID()">
                <span>Then click on OK button on NLID</span>
      <div>
      </div>
              </div>
              <div class="step pass-bg" title="stepDefinitions.AccountSteps.user_taps_on_More_button_in_tab_bar()">
                <span>And user taps on More button in tab bar</span>
      <div>
      </div>
              </div>
              <div class="step pass-bg" title="stepDefinitions.MenuSteps.userTapsOnSettingsButtonInMoreScreen()">
                <span>And user taps on settings button in more screen</span>
      <div>
      </div>
              </div>
              <div class="step pass-bg" title="stepDefinitions.AppInstallAndLaunchSteps.appShouldDisplayLocationServices()">
                <span>Then app should display Location Services</span>
      <div>
      </div>
              </div>
              <div class="step pass-bg" title="stepDefinitions.AppInstallAndLaunchSteps.appShouldDisplayNotifications()">
                <span>Then app should display Notifications</span>
      <div>
      </div>
              </div>
              <div class="step pass-bg" title="stepDefinitions.AppInstallAndLaunchSteps.appShouldDisplayCameraAccess()">
                <span>Then app should display Camera Access</span>
      <div>
      </div>
              </div>
              <div class="step pass-bg" title="stepDefinitions.AppInstallAndLaunchSteps.appShouldDisplayAnalyticsAndPerformance()">
                <span>Then app should display Analytics and Performance</span>
      <div>
      </div>
              </div>
              <div class="step pass-bg" title="stepDefinitions.AppInstallAndLaunchSteps.appShouldDisplayFunctional()">
                <span>Then app should display Functional</span>
      <div>
      </div>
              </div>
          </div>
        </div>
  </div>
  <div class="card">
    <div class="card-header" role="tab">
      <div class="card-title">
        <div class="node" id="45"><span class="badge log pass-bg mr-2">Pass</span>Verify for the Analytics & Performance section under Cookie Settings in settings screen</div>
      </div>
    </div>
        <div class="collapse">
          <div class="card-body">
              <div class="step pass-bg" title="stepDefinitions.OffersSteps.reset_the_app()">
                <span>Given reset the app</span>
      <div>
      </div>
              </div>
              <div class="step pass-bg" title="stepDefinitions.AppInstallAndLaunchSteps.applicationShouldDisplayCookieSetting()">
                <span>Then application should display cookie setting</span>
      <div>
      </div>
              </div>
              <div class="step pass-bg" title="stepDefinitions.AppInstallAndLaunchSteps.applicationShouldDisplayAcceptAllButton()">
                <span>Then application should display Accept All button</span>
      <div>
      </div>
              </div>
              <div class="step pass-bg" title="stepDefinitions.AppInstallAndLaunchSteps.applicationShouldDisplayRejectAllButton()">
                <span>Then application should display Reject All button</span>
      <div>
      </div>
              </div>
              <div class="step pass-bg" title="stepDefinitions.AppInstallAndLaunchSteps.applicationShouldDisplayManageOptionsButton()">
                <span>Then application should display Manage Options button</span>
      <div>
      </div>
              </div>
              <div class="step pass-bg" title="stepDefinitions.AppInstallAndLaunchSteps.userTapsOnAcceptAllButton()">
                <span>When user taps on Accept All button</span>
      <div>
      </div>
              </div>
              <div class="step pass-bg" title="stepDefinitions.AppInstallAndLaunchSteps.user_tap_on_next_button()">
                <span>When user tap on next button</span>
      <div>
      </div>
              </div>
              <div class="step pass-bg" title="stepDefinitions.AppInstallAndLaunchSteps.validate_second_screen()">
                <span>Then Validate second screen</span>
      <div>
      </div>
              </div>
              <div class="step pass-bg" title="stepDefinitions.AppInstallAndLaunchSteps.user_tap_on_next_button()">
                <span>When user tap on next button</span>
      <div>
      </div>
              </div>
              <div class="step pass-bg" title="stepDefinitions.OffersSteps.validate_third_screen()">
                <span>Then Validate third screen</span>
      <div>
      </div>
              </div>
              <div class="step pass-bg" title="stepDefinitions.AppInstallAndLaunchSteps.userTapsOnGetStartedButtonInTheTutorialScreen()">
                <span>When user taps on Get Started button in the tutorial screen</span>
      <div>
      </div>
              </div>
              <div class="step pass-bg" title="stepDefinitions.AppInstallAndLaunchSteps.userAllowsNotification()">
                <span>Then user allows notification</span>
      <div>
      </div>
              </div>
              <div class="step pass-bg" title="stepDefinitions.AppInstallAndLaunchSteps.clickOnOKButtonOnNLID()">
                <span>Then click on OK button on NLID</span>
      <div>
      </div>
              </div>
              <div class="step pass-bg" title="stepDefinitions.AccountSteps.user_taps_on_More_button_in_tab_bar()">
                <span>And user taps on More button in tab bar</span>
      <div>
      </div>
              </div>
              <div class="step pass-bg" title="stepDefinitions.MenuSteps.userTapsOnSettingsButtonInMoreScreen()">
                <span>And user taps on settings button in more screen</span>
      <div>
      </div>
              </div>
              <div class="step pass-bg" title="stepDefinitions.AppInstallAndLaunchSteps.appShouldDisplayLocationServices()">
                <span>Then app should display Location Services</span>
      <div>
      </div>
              </div>
              <div class="step pass-bg" title="stepDefinitions.AppInstallAndLaunchSteps.appShouldDisplayNotifications()">
                <span>Then app should display Notifications</span>
      <div>
      </div>
              </div>
              <div class="step pass-bg" title="stepDefinitions.AppInstallAndLaunchSteps.appShouldDisplayCameraAccess()">
                <span>Then app should display Camera Access</span>
      <div>
      </div>
              </div>
              <div class="step pass-bg" title="stepDefinitions.AppInstallAndLaunchSteps.appShouldDisplayAnalyticsAndPerformance()">
                <span>Then app should display Analytics and Performance</span>
      <div>
      </div>
              </div>
          </div>
        </div>
  </div>
  <div class="card">
    <div class="card-header" role="tab">
      <div class="card-title">
        <div class="node" id="86"><span class="badge log pass-bg mr-2">Pass</span>Verify for the Functional section under Cookie Settings in settings screen</div>
      </div>
    </div>
        <div class="collapse">
          <div class="card-body">
              <div class="step pass-bg" title="stepDefinitions.OffersSteps.reset_the_app()">
                <span>Given reset the app</span>
      <div>
      </div>
              </div>
              <div class="step pass-bg" title="stepDefinitions.AppInstallAndLaunchSteps.applicationShouldDisplayCookieSetting()">
                <span>Then application should display cookie setting</span>
      <div>
      </div>
              </div>
              <div class="step pass-bg" title="stepDefinitions.AppInstallAndLaunchSteps.applicationShouldDisplayAcceptAllButton()">
                <span>Then application should display Accept All button</span>
      <div>
      </div>
              </div>
              <div class="step pass-bg" title="stepDefinitions.AppInstallAndLaunchSteps.applicationShouldDisplayRejectAllButton()">
                <span>Then application should display Reject All button</span>
      <div>
      </div>
              </div>
              <div class="step pass-bg" title="stepDefinitions.AppInstallAndLaunchSteps.applicationShouldDisplayManageOptionsButton()">
                <span>Then application should display Manage Options button</span>
      <div>
      </div>
              </div>
              <div class="step pass-bg" title="stepDefinitions.AppInstallAndLaunchSteps.userTapsOnAcceptAllButton()">
                <span>When user taps on Accept All button</span>
      <div>
      </div>
              </div>
              <div class="step pass-bg" title="stepDefinitions.AppInstallAndLaunchSteps.user_tap_on_next_button()">
                <span>When user tap on next button</span>
      <div>
      </div>
              </div>
              <div class="step pass-bg" title="stepDefinitions.AppInstallAndLaunchSteps.validate_second_screen()">
                <span>Then Validate second screen</span>
      <div>
      </div>
              </div>
              <div class="step pass-bg" title="stepDefinitions.AppInstallAndLaunchSteps.user_tap_on_next_button()">
                <span>When user tap on next button</span>
      <div>
      </div>
              </div>
              <div class="step pass-bg" title="stepDefinitions.OffersSteps.validate_third_screen()">
                <span>Then Validate third screen</span>
      <div>
      </div>
              </div>
              <div class="step pass-bg" title="stepDefinitions.AppInstallAndLaunchSteps.userTapsOnGetStartedButtonInTheTutorialScreen()">
                <span>When user taps on Get Started button in the tutorial screen</span>
      <div>
      </div>
              </div>
              <div class="step pass-bg" title="stepDefinitions.AppInstallAndLaunchSteps.userAllowsNotification()">
                <span>Then user allows notification</span>
      <div>
      </div>
              </div>
              <div class="step pass-bg" title="stepDefinitions.AppInstallAndLaunchSteps.clickOnOKButtonOnNLID()">
                <span>Then click on OK button on NLID</span>
      <div>
      </div>
              </div>
              <div class="step pass-bg" title="stepDefinitions.AccountSteps.user_taps_on_More_button_in_tab_bar()">
                <span>And user taps on More button in tab bar</span>
      <div>
      </div>
              </div>
              <div class="step pass-bg" title="stepDefinitions.MenuSteps.userTapsOnSettingsButtonInMoreScreen()">
                <span>And user taps on settings button in more screen</span>
      <div>
      </div>
              </div>
              <div class="step pass-bg" title="stepDefinitions.AppInstallAndLaunchSteps.appShouldDisplayLocationServices()">
                <span>Then app should display Location Services</span>
      <div>
      </div>
              </div>
              <div class="step pass-bg" title="stepDefinitions.AppInstallAndLaunchSteps.appShouldDisplayNotifications()">
                <span>Then app should display Notifications</span>
      <div>
      </div>
              </div>
              <div class="step pass-bg" title="stepDefinitions.AppInstallAndLaunchSteps.appShouldDisplayCameraAccess()">
                <span>Then app should display Camera Access</span>
      <div>
      </div>
              </div>
              <div class="step pass-bg" title="stepDefinitions.AppInstallAndLaunchSteps.appShouldDisplayFunctional()">
                <span>Then app should display Functional</span>
      <div>
      </div>
              </div>
          </div>
        </div>
  </div>
  <div class="card">
    <div class="card-header" role="tab">
      <div class="card-title">
        <div class="node" id="127"><span class="badge log fail-bg mr-2">Fail</span>Verify the user should able to allow accept the user privacy settings for Analytics & Performance from the ‘Setting' screen.</div>
          <div class="status-avatar float-right mr-4">
            <i class="fa fa-paperclip"></i>
          </div>
      </div>
    </div>
        <div class="">
          <div class="card-body">
              <div class="step pass-bg" title="stepDefinitions.OffersSteps.reset_the_app()">
                <span>Given reset the app</span>
      <div>
      </div>
              </div>
              <div class="step pass-bg" title="stepDefinitions.AppInstallAndLaunchSteps.applicationShouldDisplayCookieSetting()">
                <span>Then application should display cookie setting</span>
      <div>
      </div>
              </div>
              <div class="step pass-bg" title="stepDefinitions.AppInstallAndLaunchSteps.applicationShouldDisplayAcceptAllButton()">
                <span>Then application should display Accept All button</span>
      <div>
      </div>
              </div>
              <div class="step pass-bg" title="stepDefinitions.AppInstallAndLaunchSteps.applicationShouldDisplayRejectAllButton()">
                <span>Then application should display Reject All button</span>
      <div>
      </div>
              </div>
              <div class="step pass-bg" title="stepDefinitions.AppInstallAndLaunchSteps.applicationShouldDisplayManageOptionsButton()">
                <span>Then application should display Manage Options button</span>
      <div>
      </div>
              </div>
              <div class="step pass-bg" title="stepDefinitions.AppInstallAndLaunchSteps.userTapsOnAcceptAllButton()">
                <span>When user taps on Accept All button</span>
      <div>
      </div>
              </div>
              <div class="step pass-bg" title="stepDefinitions.AppInstallAndLaunchSteps.user_tap_on_next_button()">
                <span>When user tap on next button</span>
      <div>
      </div>
              </div>
              <div class="step pass-bg" title="stepDefinitions.AppInstallAndLaunchSteps.validate_second_screen()">
                <span>Then Validate second screen</span>
      <div>
      </div>
              </div>
              <div class="step pass-bg" title="stepDefinitions.AppInstallAndLaunchSteps.user_tap_on_next_button()">
                <span>When user tap on next button</span>
      <div>
      </div>
              </div>
              <div class="step pass-bg" title="stepDefinitions.OffersSteps.validate_third_screen()">
                <span>Then Validate third screen</span>
      <div>
      </div>
              </div>
              <div class="step pass-bg" title="stepDefinitions.AppInstallAndLaunchSteps.userTapsOnGetStartedButtonInTheTutorialScreen()">
                <span>When user taps on Get Started button in the tutorial screen</span>
      <div>
      </div>
              </div>
              <div class="step pass-bg" title="stepDefinitions.AppInstallAndLaunchSteps.userAllowsNotification()">
                <span>Then user allows notification</span>
      <div>
      </div>
              </div>
              <div class="step pass-bg" title="stepDefinitions.AppInstallAndLaunchSteps.clickOnOKButtonOnNLID()">
                <span>Then click on OK button on NLID</span>
      <div>
      </div>
              </div>
              <div class="step pass-bg" title="stepDefinitions.AccountSteps.user_taps_on_More_button_in_tab_bar()">
                <span>And user taps on More button in tab bar</span>
      <div>
      </div>
              </div>
              <div class="step pass-bg" title="stepDefinitions.MenuSteps.userTapsOnSettingsButtonInMoreScreen()">
                <span>And user taps on settings button in more screen</span>
      <div>
      </div>
              </div>
              <div class="step pass-bg" title="stepDefinitions.AppInstallAndLaunchSteps.appShouldDisplayLocationServices()">
                <span>Then app should display Location Services</span>
      <div>
      </div>
              </div>
              <div class="step pass-bg" title="stepDefinitions.AppInstallAndLaunchSteps.appShouldDisplayNotifications()">
                <span>Then app should display Notifications</span>
      <div>
      </div>
              </div>
              <div class="step pass-bg" title="stepDefinitions.AppInstallAndLaunchSteps.appShouldDisplayCameraAccess()">
                <span>Then app should display Camera Access</span>
      <div>
      </div>
              </div>
              <div class="step pass-bg" title="stepDefinitions.AppInstallAndLaunchSteps.appShouldDisplayAnalyticsAndPerformance()">
                <span>Then app should display Analytics and Performance</span>
      <div>
      </div>
              </div>
              <div class="step fail-bg" title="stepDefinitions.AppInstallAndLaunchSteps.userTogglesAnalyticsPerformanceToAllow()">
                <span>Then user toggles Analytics & Performance to allow</span>
      <div>
        <textarea disabled class="code-block">org.openqa.selenium.NoSuchElementException: Can't locate an element by this strategy: By.chained({By.xpath: //*[@resource-id='com.firstdata.mpl.qa:id/switch_analytics' and @text='OFF']})
	at io.appium.java_client.pagefactory.AppiumElementLocator.findElement(AppiumElementLocator.java:166)
	at io.appium.java_client.pagefactory.interceptors.InterceptorOfASingleElement.call(InterceptorOfASingleElement.java:75)
	at io.appium.java_client.proxy.Interceptor.intercept(Interceptor.java:78)
	at org.openqa.selenium.remote.RemoteWebElement$ByteBuddy$0XF8D4j3.isEnabled(Unknown Source)
	at stepDefinitions.AppInstallAndLaunchSteps.userTogglesAnalyticsPerformanceToAllow(AppInstallAndLaunchSteps.java:720)
	at ✽.user toggles Analytics & Performance to allow(file:///C:/Users/maheshkumar/FiservAutoProjectUK/fiserv_automation_test/src/test/java/features/AppInstallAndLaunch.feature:348)
Caused by: org.openqa.selenium.TimeoutException: Expected condition failed: waiting for io.appium.java_client.pagefactory.AppiumElementLocator$WaitingFunction@68d8eb4f (tried for 1 second(s) with 500 milliseconds interval)
	at org.openqa.selenium.support.ui.FluentWait.timeoutException(FluentWait.java:265)
	at org.openqa.selenium.support.ui.FluentWait.until(FluentWait.java:228)
	at io.appium.java_client.pagefactory.AppiumElementLocator.waitFor(AppiumElementLocator.java:135)
	at io.appium.java_client.pagefactory.AppiumElementLocator.findElement(AppiumElementLocator.java:160)
	at io.appium.java_client.pagefactory.interceptors.InterceptorOfASingleElement.call(InterceptorOfASingleElement.java:75)
	at io.appium.java_client.proxy.Interceptor.intercept(Interceptor.java:78)
	at org.openqa.selenium.remote.RemoteWebElement$ByteBuddy$0XF8D4j3.isEnabled(Unknown Source)
	at stepDefinitions.AppInstallAndLaunchSteps.userTogglesAnalyticsPerformanceToAllow(AppInstallAndLaunchSteps.java:720)
	at java.base/jdk.internal.reflect.DirectMethodHandleAccessor.invoke(DirectMethodHandleAccessor.java:104)
	at java.base/java.lang.reflect.Method.invoke(Method.java:578)
	at io.cucumber.java.Invoker.doInvoke(Invoker.java:66)
	at io.cucumber.java.Invoker.invoke(Invoker.java:24)
	at io.cucumber.java.AbstractGlueDefinition.invokeMethod(AbstractGlueDefinition.java:47)
	at io.cucumber.java.JavaStepDefinition.execute(JavaStepDefinition.java:29)
	at io.cucumber.core.runner.CoreStepDefinition.execute(CoreStepDefinition.java:66)
	at io.cucumber.core.runner.PickleStepDefinitionMatch.runStep(PickleStepDefinitionMatch.java:63)
	at io.cucumber.core.runner.ExecutionMode$1.execute(ExecutionMode.java:10)
	at io.cucumber.core.runner.TestStep.executeStep(TestStep.java:84)
	at io.cucumber.core.runner.TestStep.run(TestStep.java:56)
	at io.cucumber.core.runner.PickleStepTestStep.run(PickleStepTestStep.java:51)
	at io.cucumber.core.runner.TestCase.run(TestCase.java:84)
	at io.cucumber.core.runner.Runner.runPickle(Runner.java:75)
	at io.cucumber.junit.PickleRunners$NoStepDescriptions.lambda$run$0(PickleRunners.java:151)
	at io.cucumber.core.runtime.CucumberExecutionContext.lambda$runTestCase$5(CucumberExecutionContext.java:137)
	at io.cucumber.core.runtime.RethrowingThrowableCollector.executeAndThrow(RethrowingThrowableCollector.java:23)
	at io.cucumber.core.runtime.CucumberExecutionContext.runTestCase(CucumberExecutionContext.java:137)
	at io.cucumber.junit.PickleRunners$NoStepDescriptions.run(PickleRunners.java:148)
	at io.cucumber.junit.FeatureRunner.runChild(FeatureRunner.java:144)
	at io.cucumber.junit.FeatureRunner.runChild(FeatureRunner.java:28)
	at org.junit.runners.ParentRunner$4.run(ParentRunner.java:331)
	at org.junit.runners.ParentRunner$1.schedule(ParentRunner.java:79)
	at org.junit.runners.ParentRunner.runChildren(ParentRunner.java:329)
	at org.junit.runners.ParentRunner.access$100(ParentRunner.java:66)
	at org.junit.runners.ParentRunner$2.evaluate(ParentRunner.java:293)
	at org.junit.runners.ParentRunner$3.evaluate(ParentRunner.java:306)
	at org.junit.runners.ParentRunner.run(ParentRunner.java:413)
	at io.cucumber.junit.FeatureRunner.run(FeatureRunner.java:137)
	at io.cucumber.junit.Cucumber.runChild(Cucumber.java:196)
	at io.cucumber.junit.Cucumber.runChild(Cucumber.java:89)
	at org.junit.runners.ParentRunner$4.run(ParentRunner.java:331)
	at org.junit.runners.ParentRunner$1.schedule(ParentRunner.java:79)
	at org.junit.runners.ParentRunner.runChildren(ParentRunner.java:329)
	at org.junit.runners.ParentRunner.access$100(ParentRunner.java:66)
	at org.junit.runners.ParentRunner$2.evaluate(ParentRunner.java:293)
	at io.cucumber.core.runtime.CucumberExecutionContext.lambda$runFeatures$6(CucumberExecutionContext.java:148)
	at io.cucumber.core.runtime.CucumberExecutionContext.execute(CucumberExecutionContext.java:163)
	at io.cucumber.core.runtime.CucumberExecutionContext.runFeatures(CucumberExecutionContext.java:146)
	at io.cucumber.junit.Cucumber$StartAndFinishTestRun.evaluate(Cucumber.java:226)
	at org.junit.runners.ParentRunner$3.evaluate(ParentRunner.java:306)
	at org.junit.runners.ParentRunner.run(ParentRunner.java:413)
	at org.junit.runner.JUnitCore.run(JUnitCore.java:137)
	at com.intellij.junit4.JUnit4IdeaTestRunner.startRunnerWithArgs(JUnit4IdeaTestRunner.java:69)
	at com.intellij.rt.junit.IdeaTestRunner$Repeater$1.execute(IdeaTestRunner.java:38)
	at com.intellij.rt.execution.junit.TestsRepeater.repeat(TestsRepeater.java:11)
	at com.intellij.rt.junit.IdeaTestRunner$Repeater.startRunnerWithArgs(IdeaTestRunner.java:35)
	at com.intellij.rt.junit.JUnitStarter.prepareStreamsAndStart(JUnitStarter.java:232)
	at com.intellij.rt.junit.JUnitStarter.main(JUnitStarter.java:55)
Caused by: org.openqa.selenium.NoSuchElementException: Cannot locate an element using By.chained({By.xpath: //*[@resource-id='com.firstdata.mpl.qa:id/switch_analytics' and @text='OFF']})
For documentation on this error, please visit: https://www.selenium.dev/documentation/webdriver/troubleshooting/errors#no-such-element-exception
Build info: version: '4.21.0', revision: '79ed462ef4'
System info: os.name: 'Windows 10', os.arch: 'amd64', os.version: '10.0', java.version: '19.0.2'
Driver info: driver.version: RemoteWebDriver
	at io.appium.java_client.pagefactory.bys.builder.ByChained.findElement(ByChained.java:74)
	at org.openqa.selenium.remote.ElementLocation$ElementFinder$1.findElement(ElementLocation.java:139)
	at org.openqa.selenium.remote.ElementLocation.findElement(ElementLocation.java:59)
	at org.openqa.selenium.remote.RemoteWebDriver.findElement(RemoteWebDriver.java:355)
	at org.openqa.selenium.remote.RemoteWebDriver.findElement(RemoteWebDriver.java:349)
	at io.appium.java_client.pagefactory.bys.ContentMappedBy.findElement(ContentMappedBy.java:53)
	at org.openqa.selenium.remote.ElementLocation$ElementFinder$1.findElement(ElementLocation.java:139)
	at org.openqa.selenium.remote.ElementLocation.findElement(ElementLocation.java:59)
	at org.openqa.selenium.remote.RemoteWebDriver.findElement(RemoteWebDriver.java:355)
	at org.openqa.selenium.remote.RemoteWebDriver.findElement(RemoteWebDriver.java:349)
	at io.appium.java_client.pagefactory.AppiumElementLocator.lambda$findElement$1(AppiumElementLocator.java:160)
	at io.appium.java_client.pagefactory.AppiumElementLocator$WaitingFunction.apply(AppiumElementLocator.java:217)
	at io.appium.java_client.pagefactory.AppiumElementLocator$WaitingFunction.apply(AppiumElementLocator.java:210)
	at org.openqa.selenium.support.ui.FluentWait.until(FluentWait.java:203)
	... 55 more
</textarea>
      
      </div>
              </div>
              <div class="step pass-bg" title="AFTER_STEP">
                <span>stepDefinitions.Hook.afterEachStep(io.cucumber.java.Scenario)</span>
      <div>45a7da32-e4b4-4320-bee9-cf8a33febd54
          <div class="row mb-3"><div class="col-md-3">
<img data-featherlight='screenshots/embedded1.png' src="screenshots/embedded1.png">
    
    </div></div>
</div>
      <div>
      </div>
              </div>
          </div>
        </div>
  </div>
  <div class="card">
    <div class="card-header" role="tab">
      <div class="card-title">
        <div class="node" id="170"><span class="badge log fail-bg mr-2">Fail</span>Verify the user should able to allow accept the user privacy settings for Functional from the ‚ÄòSetting' screen.</div>
          <div class="status-avatar float-right mr-4">
            <i class="fa fa-paperclip"></i>
          </div>
      </div>
    </div>
        <div class="">
          <div class="card-body">
              <div class="step pass-bg" title="stepDefinitions.OffersSteps.reset_the_app()">
                <span>Given reset the app</span>
      <div>
      </div>
              </div>
              <div class="step pass-bg" title="stepDefinitions.AppInstallAndLaunchSteps.applicationShouldDisplayCookieSetting()">
                <span>Then application should display cookie setting</span>
      <div>
      </div>
              </div>
              <div class="step pass-bg" title="stepDefinitions.AppInstallAndLaunchSteps.applicationShouldDisplayAcceptAllButton()">
                <span>Then application should display Accept All button</span>
      <div>
      </div>
              </div>
              <div class="step pass-bg" title="stepDefinitions.AppInstallAndLaunchSteps.applicationShouldDisplayRejectAllButton()">
                <span>Then application should display Reject All button</span>
      <div>
      </div>
              </div>
              <div class="step pass-bg" title="stepDefinitions.AppInstallAndLaunchSteps.applicationShouldDisplayManageOptionsButton()">
                <span>Then application should display Manage Options button</span>
      <div>
      </div>
              </div>
              <div class="step pass-bg" title="stepDefinitions.AppInstallAndLaunchSteps.userTapsOnAcceptAllButton()">
                <span>When user taps on Accept All button</span>
      <div>
      </div>
              </div>
              <div class="step pass-bg" title="stepDefinitions.AppInstallAndLaunchSteps.user_tap_on_next_button()">
                <span>When user tap on next button</span>
      <div>
      </div>
              </div>
              <div class="step pass-bg" title="stepDefinitions.AppInstallAndLaunchSteps.validate_second_screen()">
                <span>Then Validate second screen</span>
      <div>
      </div>
              </div>
              <div class="step pass-bg" title="stepDefinitions.AppInstallAndLaunchSteps.user_tap_on_next_button()">
                <span>When user tap on next button</span>
      <div>
      </div>
              </div>
              <div class="step pass-bg" title="stepDefinitions.OffersSteps.validate_third_screen()">
                <span>Then Validate third screen</span>
      <div>
      </div>
              </div>
              <div class="step pass-bg" title="stepDefinitions.AppInstallAndLaunchSteps.userTapsOnGetStartedButtonInTheTutorialScreen()">
                <span>When user taps on Get Started button in the tutorial screen</span>
      <div>
      </div>
              </div>
              <div class="step pass-bg" title="stepDefinitions.AppInstallAndLaunchSteps.userAllowsNotification()">
                <span>Then user allows notification</span>
      <div>
      </div>
              </div>
              <div class="step pass-bg" title="stepDefinitions.AppInstallAndLaunchSteps.clickOnOKButtonOnNLID()">
                <span>Then click on OK button on NLID</span>
      <div>
      </div>
              </div>
              <div class="step pass-bg" title="stepDefinitions.AccountSteps.user_taps_on_More_button_in_tab_bar()">
                <span>And user taps on More button in tab bar</span>
      <div>
      </div>
              </div>
              <div class="step pass-bg" title="stepDefinitions.MenuSteps.userTapsOnSettingsButtonInMoreScreen()">
                <span>And user taps on settings button in more screen</span>
      <div>
      </div>
              </div>
              <div class="step pass-bg" title="stepDefinitions.AppInstallAndLaunchSteps.appShouldDisplayLocationServices()">
                <span>Then app should display Location Services</span>
      <div>
      </div>
              </div>
              <div class="step pass-bg" title="stepDefinitions.AppInstallAndLaunchSteps.appShouldDisplayNotifications()">
                <span>Then app should display Notifications</span>
      <div>
      </div>
              </div>
              <div class="step pass-bg" title="stepDefinitions.AppInstallAndLaunchSteps.appShouldDisplayCameraAccess()">
                <span>Then app should display Camera Access</span>
      <div>
      </div>
              </div>
              <div class="step pass-bg" title="stepDefinitions.AppInstallAndLaunchSteps.appShouldDisplayFunctional()">
                <span>Then app should display Functional</span>
      <div>
      </div>
              </div>
              <div class="step fail-bg" title="stepDefinitions.AppInstallAndLaunchSteps.userTogglesFunctionalToAllow()">
                <span>Then user toggles Functional to allow</span>
      <div>
        <textarea disabled class="code-block">org.openqa.selenium.NoSuchElementException: Can't locate an element by this strategy: By.chained({By.xpath: //*[@resource-id='com.firstdata.mpl.qa:id/switch_functional' and @text='OFF']})
	at io.appium.java_client.pagefactory.AppiumElementLocator.findElement(AppiumElementLocator.java:166)
	at io.appium.java_client.pagefactory.interceptors.InterceptorOfASingleElement.call(InterceptorOfASingleElement.java:75)
	at io.appium.java_client.proxy.Interceptor.intercept(Interceptor.java:78)
	at org.openqa.selenium.remote.RemoteWebElement$ByteBuddy$0XF8D4j3.isEnabled(Unknown Source)
	at stepDefinitions.AppInstallAndLaunchSteps.userTogglesFunctionalToAllow(AppInstallAndLaunchSteps.java:729)
	at ✽.user toggles Functional to allow(file:///C:/Users/maheshkumar/FiservAutoProjectUK/fiserv_automation_test/src/test/java/features/AppInstallAndLaunch.feature:371)
Caused by: org.openqa.selenium.TimeoutException: Expected condition failed: waiting for io.appium.java_client.pagefactory.AppiumElementLocator$WaitingFunction@2b8cf049 (tried for 1 second(s) with 500 milliseconds interval)
	at org.openqa.selenium.support.ui.FluentWait.timeoutException(FluentWait.java:265)
	at org.openqa.selenium.support.ui.FluentWait.until(FluentWait.java:228)
	at io.appium.java_client.pagefactory.AppiumElementLocator.waitFor(AppiumElementLocator.java:135)
	at io.appium.java_client.pagefactory.AppiumElementLocator.findElement(AppiumElementLocator.java:160)
	at io.appium.java_client.pagefactory.interceptors.InterceptorOfASingleElement.call(InterceptorOfASingleElement.java:75)
	at io.appium.java_client.proxy.Interceptor.intercept(Interceptor.java:78)
	at org.openqa.selenium.remote.RemoteWebElement$ByteBuddy$0XF8D4j3.isEnabled(Unknown Source)
	at stepDefinitions.AppInstallAndLaunchSteps.userTogglesFunctionalToAllow(AppInstallAndLaunchSteps.java:729)
	at java.base/jdk.internal.reflect.DirectMethodHandleAccessor.invoke(DirectMethodHandleAccessor.java:104)
	at java.base/java.lang.reflect.Method.invoke(Method.java:578)
	at io.cucumber.java.Invoker.doInvoke(Invoker.java:66)
	at io.cucumber.java.Invoker.invoke(Invoker.java:24)
	at io.cucumber.java.AbstractGlueDefinition.invokeMethod(AbstractGlueDefinition.java:47)
	at io.cucumber.java.JavaStepDefinition.execute(JavaStepDefinition.java:29)
	at io.cucumber.core.runner.CoreStepDefinition.execute(CoreStepDefinition.java:66)
	at io.cucumber.core.runner.PickleStepDefinitionMatch.runStep(PickleStepDefinitionMatch.java:63)
	at io.cucumber.core.runner.ExecutionMode$1.execute(ExecutionMode.java:10)
	at io.cucumber.core.runner.TestStep.executeStep(TestStep.java:84)
	at io.cucumber.core.runner.TestStep.run(TestStep.java:56)
	at io.cucumber.core.runner.PickleStepTestStep.run(PickleStepTestStep.java:51)
	at io.cucumber.core.runner.TestCase.run(TestCase.java:84)
	at io.cucumber.core.runner.Runner.runPickle(Runner.java:75)
	at io.cucumber.junit.PickleRunners$NoStepDescriptions.lambda$run$0(PickleRunners.java:151)
	at io.cucumber.core.runtime.CucumberExecutionContext.lambda$runTestCase$5(CucumberExecutionContext.java:137)
	at io.cucumber.core.runtime.RethrowingThrowableCollector.executeAndThrow(RethrowingThrowableCollector.java:23)
	at io.cucumber.core.runtime.CucumberExecutionContext.runTestCase(CucumberExecutionContext.java:137)
	at io.cucumber.junit.PickleRunners$NoStepDescriptions.run(PickleRunners.java:148)
	at io.cucumber.junit.FeatureRunner.runChild(FeatureRunner.java:144)
	at io.cucumber.junit.FeatureRunner.runChild(FeatureRunner.java:28)
	at org.junit.runners.ParentRunner$4.run(ParentRunner.java:331)
	at org.junit.runners.ParentRunner$1.schedule(ParentRunner.java:79)
	at org.junit.runners.ParentRunner.runChildren(ParentRunner.java:329)
	at org.junit.runners.ParentRunner.access$100(ParentRunner.java:66)
	at org.junit.runners.ParentRunner$2.evaluate(ParentRunner.java:293)
	at org.junit.runners.ParentRunner$3.evaluate(ParentRunner.java:306)
	at org.junit.runners.ParentRunner.run(ParentRunner.java:413)
	at io.cucumber.junit.FeatureRunner.run(FeatureRunner.java:137)
	at io.cucumber.junit.Cucumber.runChild(Cucumber.java:196)
	at io.cucumber.junit.Cucumber.runChild(Cucumber.java:89)
	at org.junit.runners.ParentRunner$4.run(ParentRunner.java:331)
	at org.junit.runners.ParentRunner$1.schedule(ParentRunner.java:79)
	at org.junit.runners.ParentRunner.runChildren(ParentRunner.java:329)
	at org.junit.runners.ParentRunner.access$100(ParentRunner.java:66)
	at org.junit.runners.ParentRunner$2.evaluate(ParentRunner.java:293)
	at io.cucumber.core.runtime.CucumberExecutionContext.lambda$runFeatures$6(CucumberExecutionContext.java:148)
	at io.cucumber.core.runtime.CucumberExecutionContext.execute(CucumberExecutionContext.java:163)
	at io.cucumber.core.runtime.CucumberExecutionContext.runFeatures(CucumberExecutionContext.java:146)
	at io.cucumber.junit.Cucumber$StartAndFinishTestRun.evaluate(Cucumber.java:226)
	at org.junit.runners.ParentRunner$3.evaluate(ParentRunner.java:306)
	at org.junit.runners.ParentRunner.run(ParentRunner.java:413)
	at org.junit.runner.JUnitCore.run(JUnitCore.java:137)
	at com.intellij.junit4.JUnit4IdeaTestRunner.startRunnerWithArgs(JUnit4IdeaTestRunner.java:69)
	at com.intellij.rt.junit.IdeaTestRunner$Repeater$1.execute(IdeaTestRunner.java:38)
	at com.intellij.rt.execution.junit.TestsRepeater.repeat(TestsRepeater.java:11)
	at com.intellij.rt.junit.IdeaTestRunner$Repeater.startRunnerWithArgs(IdeaTestRunner.java:35)
	at com.intellij.rt.junit.JUnitStarter.prepareStreamsAndStart(JUnitStarter.java:232)
	at com.intellij.rt.junit.JUnitStarter.main(JUnitStarter.java:55)
Caused by: org.openqa.selenium.NoSuchElementException: Cannot locate an element using By.chained({By.xpath: //*[@resource-id='com.firstdata.mpl.qa:id/switch_functional' and @text='OFF']})
For documentation on this error, please visit: https://www.selenium.dev/documentation/webdriver/troubleshooting/errors#no-such-element-exception
Build info: version: '4.21.0', revision: '79ed462ef4'
System info: os.name: 'Windows 10', os.arch: 'amd64', os.version: '10.0', java.version: '19.0.2'
Driver info: driver.version: RemoteWebDriver
	at io.appium.java_client.pagefactory.bys.builder.ByChained.findElement(ByChained.java:74)
	at org.openqa.selenium.remote.ElementLocation$ElementFinder$1.findElement(ElementLocation.java:139)
	at org.openqa.selenium.remote.ElementLocation.findElement(ElementLocation.java:59)
	at org.openqa.selenium.remote.RemoteWebDriver.findElement(RemoteWebDriver.java:355)
	at org.openqa.selenium.remote.RemoteWebDriver.findElement(RemoteWebDriver.java:349)
	at io.appium.java_client.pagefactory.bys.ContentMappedBy.findElement(ContentMappedBy.java:53)
	at org.openqa.selenium.remote.ElementLocation$ElementFinder$1.findElement(ElementLocation.java:139)
	at org.openqa.selenium.remote.ElementLocation.findElement(ElementLocation.java:59)
	at org.openqa.selenium.remote.RemoteWebDriver.findElement(RemoteWebDriver.java:355)
	at org.openqa.selenium.remote.RemoteWebDriver.findElement(RemoteWebDriver.java:349)
	at io.appium.java_client.pagefactory.AppiumElementLocator.lambda$findElement$1(AppiumElementLocator.java:160)
	at io.appium.java_client.pagefactory.AppiumElementLocator$WaitingFunction.apply(AppiumElementLocator.java:217)
	at io.appium.java_client.pagefactory.AppiumElementLocator$WaitingFunction.apply(AppiumElementLocator.java:210)
	at org.openqa.selenium.support.ui.FluentWait.until(FluentWait.java:203)
	... 55 more
</textarea>
      
      </div>
              </div>
              <div class="step pass-bg" title="AFTER_STEP">
                <span>stepDefinitions.Hook.afterEachStep(io.cucumber.java.Scenario)</span>
      <div>5ff4ab5b-7bcf-4e89-a0f6-a4c1bddf368f
          <div class="row mb-3"><div class="col-md-3">
<img data-featherlight='screenshots/embedded2.png' src="screenshots/embedded2.png">
    
    </div></div>
</div>
      <div>
      </div>
              </div>
          </div>
        </div>
  </div>
  <div class="card">
    <div class="card-header" role="tab">
      <div class="card-title">
        <div class="node" id="213"><span class="badge log fail-bg mr-2">Fail</span>Verify the user should able to decline accept the user privacy settings for Analytics & Performance from the ‘Setting' screen.</div>
          <div class="status-avatar float-right mr-4">
            <i class="fa fa-paperclip"></i>
          </div>
      </div>
    </div>
        <div class="">
          <div class="card-body">
              <div class="step pass-bg" title="stepDefinitions.OffersSteps.reset_the_app()">
                <span>Given reset the app</span>
      <div>
      </div>
              </div>
              <div class="step pass-bg" title="stepDefinitions.AppInstallAndLaunchSteps.applicationShouldDisplayCookieSetting()">
                <span>Then application should display cookie setting</span>
      <div>
      </div>
              </div>
              <div class="step pass-bg" title="stepDefinitions.AppInstallAndLaunchSteps.applicationShouldDisplayAcceptAllButton()">
                <span>Then application should display Accept All button</span>
      <div>
      </div>
              </div>
              <div class="step pass-bg" title="stepDefinitions.AppInstallAndLaunchSteps.applicationShouldDisplayRejectAllButton()">
                <span>Then application should display Reject All button</span>
      <div>
      </div>
              </div>
              <div class="step pass-bg" title="stepDefinitions.AppInstallAndLaunchSteps.applicationShouldDisplayManageOptionsButton()">
                <span>Then application should display Manage Options button</span>
      <div>
      </div>
              </div>
              <div class="step pass-bg" title="stepDefinitions.AppInstallAndLaunchSteps.userTapsOnAcceptAllButton()">
                <span>When user taps on Accept All button</span>
      <div>
      </div>
              </div>
              <div class="step pass-bg" title="stepDefinitions.AppInstallAndLaunchSteps.user_tap_on_next_button()">
                <span>When user tap on next button</span>
      <div>
      </div>
              </div>
              <div class="step pass-bg" title="stepDefinitions.AppInstallAndLaunchSteps.validate_second_screen()">
                <span>Then Validate second screen</span>
      <div>
      </div>
              </div>
              <div class="step pass-bg" title="stepDefinitions.AppInstallAndLaunchSteps.user_tap_on_next_button()">
                <span>When user tap on next button</span>
      <div>
      </div>
              </div>
              <div class="step pass-bg" title="stepDefinitions.OffersSteps.validate_third_screen()">
                <span>Then Validate third screen</span>
      <div>
      </div>
              </div>
              <div class="step pass-bg" title="stepDefinitions.AppInstallAndLaunchSteps.userTapsOnGetStartedButtonInTheTutorialScreen()">
                <span>When user taps on Get Started button in the tutorial screen</span>
      <div>
      </div>
              </div>
              <div class="step pass-bg" title="stepDefinitions.AppInstallAndLaunchSteps.userAllowsNotification()">
                <span>Then user allows notification</span>
      <div>
      </div>
              </div>
              <div class="step pass-bg" title="stepDefinitions.AppInstallAndLaunchSteps.clickOnOKButtonOnNLID()">
                <span>Then click on OK button on NLID</span>
      <div>
      </div>
              </div>
              <div class="step pass-bg" title="stepDefinitions.AccountSteps.user_taps_on_More_button_in_tab_bar()">
                <span>And user taps on More button in tab bar</span>
      <div>
      </div>
              </div>
              <div class="step pass-bg" title="stepDefinitions.MenuSteps.userTapsOnSettingsButtonInMoreScreen()">
                <span>And user taps on settings button in more screen</span>
      <div>
      </div>
              </div>
              <div class="step pass-bg" title="stepDefinitions.AppInstallAndLaunchSteps.appShouldDisplayLocationServices()">
                <span>Then app should display Location Services</span>
      <div>
      </div>
              </div>
              <div class="step pass-bg" title="stepDefinitions.AppInstallAndLaunchSteps.appShouldDisplayNotifications()">
                <span>Then app should display Notifications</span>
      <div>
      </div>
              </div>
              <div class="step pass-bg" title="stepDefinitions.AppInstallAndLaunchSteps.appShouldDisplayCameraAccess()">
                <span>Then app should display Camera Access</span>
      <div>
      </div>
              </div>
              <div class="step pass-bg" title="stepDefinitions.AppInstallAndLaunchSteps.appShouldDisplayAnalyticsAndPerformance()">
                <span>Then app should display Analytics and Performance</span>
      <div>
      </div>
              </div>
              <div class="step fail-bg" title="stepDefinitions.AppInstallAndLaunchSteps.userTogglesAnalyticsPerformanceToDecline()">
                <span>Then user toggles Analytics & Performance to decline</span>
      <div>
        <textarea disabled class="code-block">org.openqa.selenium.NoSuchElementException: Can't locate an element by this strategy: By.chained({By.xpath: //*[@resource-id='com.firstdata.mpl.qa:id/switch_analytics' and @text='OFF']})
	at io.appium.java_client.pagefactory.AppiumElementLocator.findElement(AppiumElementLocator.java:166)
	at io.appium.java_client.pagefactory.interceptors.InterceptorOfASingleElement.call(InterceptorOfASingleElement.java:75)
	at io.appium.java_client.proxy.Interceptor.intercept(Interceptor.java:78)
	at org.openqa.selenium.remote.RemoteWebElement$ByteBuddy$0XF8D4j3.isEnabled(Unknown Source)
	at stepDefinitions.AppInstallAndLaunchSteps.userTogglesAnalyticsPerformanceToDecline(AppInstallAndLaunchSteps.java:738)
	at ✽.user toggles Analytics & Performance to decline(file:///C:/Users/maheshkumar/FiservAutoProjectUK/fiserv_automation_test/src/test/java/features/AppInstallAndLaunch.feature:394)
Caused by: org.openqa.selenium.TimeoutException: Expected condition failed: waiting for io.appium.java_client.pagefactory.AppiumElementLocator$WaitingFunction@74a74070 (tried for 1 second(s) with 500 milliseconds interval)
	at org.openqa.selenium.support.ui.FluentWait.timeoutException(FluentWait.java:265)
	at org.openqa.selenium.support.ui.FluentWait.until(FluentWait.java:228)
	at io.appium.java_client.pagefactory.AppiumElementLocator.waitFor(AppiumElementLocator.java:135)
	at io.appium.java_client.pagefactory.AppiumElementLocator.findElement(AppiumElementLocator.java:160)
	at io.appium.java_client.pagefactory.interceptors.InterceptorOfASingleElement.call(InterceptorOfASingleElement.java:75)
	at io.appium.java_client.proxy.Interceptor.intercept(Interceptor.java:78)
	at org.openqa.selenium.remote.RemoteWebElement$ByteBuddy$0XF8D4j3.isEnabled(Unknown Source)
	at stepDefinitions.AppInstallAndLaunchSteps.userTogglesAnalyticsPerformanceToDecline(AppInstallAndLaunchSteps.java:738)
	at java.base/jdk.internal.reflect.DirectMethodHandleAccessor.invoke(DirectMethodHandleAccessor.java:104)
	at java.base/java.lang.reflect.Method.invoke(Method.java:578)
	at io.cucumber.java.Invoker.doInvoke(Invoker.java:66)
	at io.cucumber.java.Invoker.invoke(Invoker.java:24)
	at io.cucumber.java.AbstractGlueDefinition.invokeMethod(AbstractGlueDefinition.java:47)
	at io.cucumber.java.JavaStepDefinition.execute(JavaStepDefinition.java:29)
	at io.cucumber.core.runner.CoreStepDefinition.execute(CoreStepDefinition.java:66)
	at io.cucumber.core.runner.PickleStepDefinitionMatch.runStep(PickleStepDefinitionMatch.java:63)
	at io.cucumber.core.runner.ExecutionMode$1.execute(ExecutionMode.java:10)
	at io.cucumber.core.runner.TestStep.executeStep(TestStep.java:84)
	at io.cucumber.core.runner.TestStep.run(TestStep.java:56)
	at io.cucumber.core.runner.PickleStepTestStep.run(PickleStepTestStep.java:51)
	at io.cucumber.core.runner.TestCase.run(TestCase.java:84)
	at io.cucumber.core.runner.Runner.runPickle(Runner.java:75)
	at io.cucumber.junit.PickleRunners$NoStepDescriptions.lambda$run$0(PickleRunners.java:151)
	at io.cucumber.core.runtime.CucumberExecutionContext.lambda$runTestCase$5(CucumberExecutionContext.java:137)
	at io.cucumber.core.runtime.RethrowingThrowableCollector.executeAndThrow(RethrowingThrowableCollector.java:23)
	at io.cucumber.core.runtime.CucumberExecutionContext.runTestCase(CucumberExecutionContext.java:137)
	at io.cucumber.junit.PickleRunners$NoStepDescriptions.run(PickleRunners.java:148)
	at io.cucumber.junit.FeatureRunner.runChild(FeatureRunner.java:144)
	at io.cucumber.junit.FeatureRunner.runChild(FeatureRunner.java:28)
	at org.junit.runners.ParentRunner$4.run(ParentRunner.java:331)
	at org.junit.runners.ParentRunner$1.schedule(ParentRunner.java:79)
	at org.junit.runners.ParentRunner.runChildren(ParentRunner.java:329)
	at org.junit.runners.ParentRunner.access$100(ParentRunner.java:66)
	at org.junit.runners.ParentRunner$2.evaluate(ParentRunner.java:293)
	at org.junit.runners.ParentRunner$3.evaluate(ParentRunner.java:306)
	at org.junit.runners.ParentRunner.run(ParentRunner.java:413)
	at io.cucumber.junit.FeatureRunner.run(FeatureRunner.java:137)
	at io.cucumber.junit.Cucumber.runChild(Cucumber.java:196)
	at io.cucumber.junit.Cucumber.runChild(Cucumber.java:89)
	at org.junit.runners.ParentRunner$4.run(ParentRunner.java:331)
	at org.junit.runners.ParentRunner$1.schedule(ParentRunner.java:79)
	at org.junit.runners.ParentRunner.runChildren(ParentRunner.java:329)
	at org.junit.runners.ParentRunner.access$100(ParentRunner.java:66)
	at org.junit.runners.ParentRunner$2.evaluate(ParentRunner.java:293)
	at io.cucumber.core.runtime.CucumberExecutionContext.lambda$runFeatures$6(CucumberExecutionContext.java:148)
	at io.cucumber.core.runtime.CucumberExecutionContext.execute(CucumberExecutionContext.java:163)
	at io.cucumber.core.runtime.CucumberExecutionContext.runFeatures(CucumberExecutionContext.java:146)
	at io.cucumber.junit.Cucumber$StartAndFinishTestRun.evaluate(Cucumber.java:226)
	at org.junit.runners.ParentRunner$3.evaluate(ParentRunner.java:306)
	at org.junit.runners.ParentRunner.run(ParentRunner.java:413)
	at org.junit.runner.JUnitCore.run(JUnitCore.java:137)
	at com.intellij.junit4.JUnit4IdeaTestRunner.startRunnerWithArgs(JUnit4IdeaTestRunner.java:69)
	at com.intellij.rt.junit.IdeaTestRunner$Repeater$1.execute(IdeaTestRunner.java:38)
	at com.intellij.rt.execution.junit.TestsRepeater.repeat(TestsRepeater.java:11)
	at com.intellij.rt.junit.IdeaTestRunner$Repeater.startRunnerWithArgs(IdeaTestRunner.java:35)
	at com.intellij.rt.junit.JUnitStarter.prepareStreamsAndStart(JUnitStarter.java:232)
	at com.intellij.rt.junit.JUnitStarter.main(JUnitStarter.java:55)
Caused by: org.openqa.selenium.NoSuchElementException: Cannot locate an element using By.chained({By.xpath: //*[@resource-id='com.firstdata.mpl.qa:id/switch_analytics' and @text='OFF']})
For documentation on this error, please visit: https://www.selenium.dev/documentation/webdriver/troubleshooting/errors#no-such-element-exception
Build info: version: '4.21.0', revision: '79ed462ef4'
System info: os.name: 'Windows 10', os.arch: 'amd64', os.version: '10.0', java.version: '19.0.2'
Driver info: driver.version: RemoteWebDriver
	at io.appium.java_client.pagefactory.bys.builder.ByChained.findElement(ByChained.java:74)
	at org.openqa.selenium.remote.ElementLocation$ElementFinder$1.findElement(ElementLocation.java:139)
	at org.openqa.selenium.remote.ElementLocation.findElement(ElementLocation.java:59)
	at org.openqa.selenium.remote.RemoteWebDriver.findElement(RemoteWebDriver.java:355)
	at org.openqa.selenium.remote.RemoteWebDriver.findElement(RemoteWebDriver.java:349)
	at io.appium.java_client.pagefactory.bys.ContentMappedBy.findElement(ContentMappedBy.java:53)
	at org.openqa.selenium.remote.ElementLocation$ElementFinder$1.findElement(ElementLocation.java:139)
	at org.openqa.selenium.remote.ElementLocation.findElement(ElementLocation.java:59)
	at org.openqa.selenium.remote.RemoteWebDriver.findElement(RemoteWebDriver.java:355)
	at org.openqa.selenium.remote.RemoteWebDriver.findElement(RemoteWebDriver.java:349)
	at io.appium.java_client.pagefactory.AppiumElementLocator.lambda$findElement$1(AppiumElementLocator.java:160)
	at io.appium.java_client.pagefactory.AppiumElementLocator$WaitingFunction.apply(AppiumElementLocator.java:217)
	at io.appium.java_client.pagefactory.AppiumElementLocator$WaitingFunction.apply(AppiumElementLocator.java:210)
	at org.openqa.selenium.support.ui.FluentWait.until(FluentWait.java:203)
	... 55 more
</textarea>
      
      </div>
              </div>
              <div class="step pass-bg" title="AFTER_STEP">
                <span>stepDefinitions.Hook.afterEachStep(io.cucumber.java.Scenario)</span>
      <div>01ae565c-3dbf-41be-96dc-d886b6c56972
          <div class="row mb-3"><div class="col-md-3">
<img data-featherlight='screenshots/embedded3.png' src="screenshots/embedded3.png">
    
    </div></div>
</div>
      <div>
      </div>
              </div>
          </div>
        </div>
  </div>
  <div class="card">
    <div class="card-header" role="tab">
      <div class="card-title">
        <div class="node" id="256"><span class="badge log fail-bg mr-2">Fail</span>Verify the user should able to decline accept the user privacy settings for Functional from the ‚ÄòSetting' screen.</div>
          <div class="status-avatar float-right mr-4">
            <i class="fa fa-paperclip"></i>
          </div>
      </div>
    </div>
        <div class="">
          <div class="card-body">
              <div class="step pass-bg" title="stepDefinitions.OffersSteps.reset_the_app()">
                <span>Given reset the app</span>
      <div>
      </div>
              </div>
              <div class="step pass-bg" title="stepDefinitions.AppInstallAndLaunchSteps.applicationShouldDisplayCookieSetting()">
                <span>Then application should display cookie setting</span>
      <div>
      </div>
              </div>
              <div class="step pass-bg" title="stepDefinitions.AppInstallAndLaunchSteps.applicationShouldDisplayAcceptAllButton()">
                <span>Then application should display Accept All button</span>
      <div>
      </div>
              </div>
              <div class="step pass-bg" title="stepDefinitions.AppInstallAndLaunchSteps.applicationShouldDisplayRejectAllButton()">
                <span>Then application should display Reject All button</span>
      <div>
      </div>
              </div>
              <div class="step pass-bg" title="stepDefinitions.AppInstallAndLaunchSteps.applicationShouldDisplayManageOptionsButton()">
                <span>Then application should display Manage Options button</span>
      <div>
      </div>
              </div>
              <div class="step pass-bg" title="stepDefinitions.AppInstallAndLaunchSteps.userTapsOnAcceptAllButton()">
                <span>When user taps on Accept All button</span>
      <div>
      </div>
              </div>
              <div class="step pass-bg" title="stepDefinitions.AppInstallAndLaunchSteps.user_tap_on_next_button()">
                <span>When user tap on next button</span>
      <div>
      </div>
              </div>
              <div class="step pass-bg" title="stepDefinitions.AppInstallAndLaunchSteps.validate_second_screen()">
                <span>Then Validate second screen</span>
      <div>
      </div>
              </div>
              <div class="step pass-bg" title="stepDefinitions.AppInstallAndLaunchSteps.user_tap_on_next_button()">
                <span>When user tap on next button</span>
      <div>
      </div>
              </div>
              <div class="step pass-bg" title="stepDefinitions.OffersSteps.validate_third_screen()">
                <span>Then Validate third screen</span>
      <div>
      </div>
              </div>
              <div class="step pass-bg" title="stepDefinitions.AppInstallAndLaunchSteps.userTapsOnGetStartedButtonInTheTutorialScreen()">
                <span>When user taps on Get Started button in the tutorial screen</span>
      <div>
      </div>
              </div>
              <div class="step pass-bg" title="stepDefinitions.AppInstallAndLaunchSteps.userAllowsNotification()">
                <span>Then user allows notification</span>
      <div>
      </div>
              </div>
              <div class="step pass-bg" title="stepDefinitions.AppInstallAndLaunchSteps.clickOnOKButtonOnNLID()">
                <span>Then click on OK button on NLID</span>
      <div>
      </div>
              </div>
              <div class="step pass-bg" title="stepDefinitions.AccountSteps.user_taps_on_More_button_in_tab_bar()">
                <span>And user taps on More button in tab bar</span>
      <div>
      </div>
              </div>
              <div class="step pass-bg" title="stepDefinitions.MenuSteps.userTapsOnSettingsButtonInMoreScreen()">
                <span>And user taps on settings button in more screen</span>
      <div>
      </div>
              </div>
              <div class="step pass-bg" title="stepDefinitions.AppInstallAndLaunchSteps.appShouldDisplayLocationServices()">
                <span>Then app should display Location Services</span>
      <div>
      </div>
              </div>
              <div class="step pass-bg" title="stepDefinitions.AppInstallAndLaunchSteps.appShouldDisplayNotifications()">
                <span>Then app should display Notifications</span>
      <div>
      </div>
              </div>
              <div class="step pass-bg" title="stepDefinitions.AppInstallAndLaunchSteps.appShouldDisplayCameraAccess()">
                <span>Then app should display Camera Access</span>
      <div>
      </div>
              </div>
              <div class="step pass-bg" title="stepDefinitions.AppInstallAndLaunchSteps.appShouldDisplayFunctional()">
                <span>Then app should display Functional</span>
      <div>
      </div>
              </div>
              <div class="step fail-bg" title="stepDefinitions.AppInstallAndLaunchSteps.userTogglesFunctionalToDecline()">
                <span>Then user toggles Functional to decline</span>
      <div>
        <textarea disabled class="code-block">org.openqa.selenium.NoSuchElementException: Can't locate an element by this strategy: By.chained({By.xpath: //*[@resource-id='com.firstdata.mpl.qa:id/switch_functional' and @text='OFF']})
	at io.appium.java_client.pagefactory.AppiumElementLocator.findElement(AppiumElementLocator.java:166)
	at io.appium.java_client.pagefactory.interceptors.InterceptorOfASingleElement.call(InterceptorOfASingleElement.java:75)
	at io.appium.java_client.proxy.Interceptor.intercept(Interceptor.java:78)
	at org.openqa.selenium.remote.RemoteWebElement$ByteBuddy$0XF8D4j3.isEnabled(Unknown Source)
	at stepDefinitions.AppInstallAndLaunchSteps.userTogglesFunctionalToDecline(AppInstallAndLaunchSteps.java:748)
	at ✽.user toggles Functional to decline(file:///C:/Users/maheshkumar/FiservAutoProjectUK/fiserv_automation_test/src/test/java/features/AppInstallAndLaunch.feature:417)
Caused by: org.openqa.selenium.TimeoutException: Expected condition failed: waiting for io.appium.java_client.pagefactory.AppiumElementLocator$WaitingFunction@807c1e8 (tried for 1 second(s) with 500 milliseconds interval)
	at org.openqa.selenium.support.ui.FluentWait.timeoutException(FluentWait.java:265)
	at org.openqa.selenium.support.ui.FluentWait.until(FluentWait.java:228)
	at io.appium.java_client.pagefactory.AppiumElementLocator.waitFor(AppiumElementLocator.java:135)
	at io.appium.java_client.pagefactory.AppiumElementLocator.findElement(AppiumElementLocator.java:160)
	at io.appium.java_client.pagefactory.interceptors.InterceptorOfASingleElement.call(InterceptorOfASingleElement.java:75)
	at io.appium.java_client.proxy.Interceptor.intercept(Interceptor.java:78)
	at org.openqa.selenium.remote.RemoteWebElement$ByteBuddy$0XF8D4j3.isEnabled(Unknown Source)
	at stepDefinitions.AppInstallAndLaunchSteps.userTogglesFunctionalToDecline(AppInstallAndLaunchSteps.java:748)
	at java.base/jdk.internal.reflect.DirectMethodHandleAccessor.invoke(DirectMethodHandleAccessor.java:104)
	at java.base/java.lang.reflect.Method.invoke(Method.java:578)
	at io.cucumber.java.Invoker.doInvoke(Invoker.java:66)
	at io.cucumber.java.Invoker.invoke(Invoker.java:24)
	at io.cucumber.java.AbstractGlueDefinition.invokeMethod(AbstractGlueDefinition.java:47)
	at io.cucumber.java.JavaStepDefinition.execute(JavaStepDefinition.java:29)
	at io.cucumber.core.runner.CoreStepDefinition.execute(CoreStepDefinition.java:66)
	at io.cucumber.core.runner.PickleStepDefinitionMatch.runStep(PickleStepDefinitionMatch.java:63)
	at io.cucumber.core.runner.ExecutionMode$1.execute(ExecutionMode.java:10)
	at io.cucumber.core.runner.TestStep.executeStep(TestStep.java:84)
	at io.cucumber.core.runner.TestStep.run(TestStep.java:56)
	at io.cucumber.core.runner.PickleStepTestStep.run(PickleStepTestStep.java:51)
	at io.cucumber.core.runner.TestCase.run(TestCase.java:84)
	at io.cucumber.core.runner.Runner.runPickle(Runner.java:75)
	at io.cucumber.junit.PickleRunners$NoStepDescriptions.lambda$run$0(PickleRunners.java:151)
	at io.cucumber.core.runtime.CucumberExecutionContext.lambda$runTestCase$5(CucumberExecutionContext.java:137)
	at io.cucumber.core.runtime.RethrowingThrowableCollector.executeAndThrow(RethrowingThrowableCollector.java:23)
	at io.cucumber.core.runtime.CucumberExecutionContext.runTestCase(CucumberExecutionContext.java:137)
	at io.cucumber.junit.PickleRunners$NoStepDescriptions.run(PickleRunners.java:148)
	at io.cucumber.junit.FeatureRunner.runChild(FeatureRunner.java:144)
	at io.cucumber.junit.FeatureRunner.runChild(FeatureRunner.java:28)
	at org.junit.runners.ParentRunner$4.run(ParentRunner.java:331)
	at org.junit.runners.ParentRunner$1.schedule(ParentRunner.java:79)
	at org.junit.runners.ParentRunner.runChildren(ParentRunner.java:329)
	at org.junit.runners.ParentRunner.access$100(ParentRunner.java:66)
	at org.junit.runners.ParentRunner$2.evaluate(ParentRunner.java:293)
	at org.junit.runners.ParentRunner$3.evaluate(ParentRunner.java:306)
	at org.junit.runners.ParentRunner.run(ParentRunner.java:413)
	at io.cucumber.junit.FeatureRunner.run(FeatureRunner.java:137)
	at io.cucumber.junit.Cucumber.runChild(Cucumber.java:196)
	at io.cucumber.junit.Cucumber.runChild(Cucumber.java:89)
	at org.junit.runners.ParentRunner$4.run(ParentRunner.java:331)
	at org.junit.runners.ParentRunner$1.schedule(ParentRunner.java:79)
	at org.junit.runners.ParentRunner.runChildren(ParentRunner.java:329)
	at org.junit.runners.ParentRunner.access$100(ParentRunner.java:66)
	at org.junit.runners.ParentRunner$2.evaluate(ParentRunner.java:293)
	at io.cucumber.core.runtime.CucumberExecutionContext.lambda$runFeatures$6(CucumberExecutionContext.java:148)
	at io.cucumber.core.runtime.CucumberExecutionContext.execute(CucumberExecutionContext.java:163)
	at io.cucumber.core.runtime.CucumberExecutionContext.runFeatures(CucumberExecutionContext.java:146)
	at io.cucumber.junit.Cucumber$StartAndFinishTestRun.evaluate(Cucumber.java:226)
	at org.junit.runners.ParentRunner$3.evaluate(ParentRunner.java:306)
	at org.junit.runners.ParentRunner.run(ParentRunner.java:413)
	at org.junit.runner.JUnitCore.run(JUnitCore.java:137)
	at com.intellij.junit4.JUnit4IdeaTestRunner.startRunnerWithArgs(JUnit4IdeaTestRunner.java:69)
	at com.intellij.rt.junit.IdeaTestRunner$Repeater$1.execute(IdeaTestRunner.java:38)
	at com.intellij.rt.execution.junit.TestsRepeater.repeat(TestsRepeater.java:11)
	at com.intellij.rt.junit.IdeaTestRunner$Repeater.startRunnerWithArgs(IdeaTestRunner.java:35)
	at com.intellij.rt.junit.JUnitStarter.prepareStreamsAndStart(JUnitStarter.java:232)
	at com.intellij.rt.junit.JUnitStarter.main(JUnitStarter.java:55)
Caused by: org.openqa.selenium.NoSuchElementException: Cannot locate an element using By.chained({By.xpath: //*[@resource-id='com.firstdata.mpl.qa:id/switch_functional' and @text='OFF']})
For documentation on this error, please visit: https://www.selenium.dev/documentation/webdriver/troubleshooting/errors#no-such-element-exception
Build info: version: '4.21.0', revision: '79ed462ef4'
System info: os.name: 'Windows 10', os.arch: 'amd64', os.version: '10.0', java.version: '19.0.2'
Driver info: driver.version: RemoteWebDriver
	at io.appium.java_client.pagefactory.bys.builder.ByChained.findElement(ByChained.java:74)
	at org.openqa.selenium.remote.ElementLocation$ElementFinder$1.findElement(ElementLocation.java:139)
	at org.openqa.selenium.remote.ElementLocation.findElement(ElementLocation.java:59)
	at org.openqa.selenium.remote.RemoteWebDriver.findElement(RemoteWebDriver.java:355)
	at org.openqa.selenium.remote.RemoteWebDriver.findElement(RemoteWebDriver.java:349)
	at io.appium.java_client.pagefactory.bys.ContentMappedBy.findElement(ContentMappedBy.java:53)
	at org.openqa.selenium.remote.ElementLocation$ElementFinder$1.findElement(ElementLocation.java:139)
	at org.openqa.selenium.remote.ElementLocation.findElement(ElementLocation.java:59)
	at org.openqa.selenium.remote.RemoteWebDriver.findElement(RemoteWebDriver.java:355)
	at org.openqa.selenium.remote.RemoteWebDriver.findElement(RemoteWebDriver.java:349)
	at io.appium.java_client.pagefactory.AppiumElementLocator.lambda$findElement$1(AppiumElementLocator.java:160)
	at io.appium.java_client.pagefactory.AppiumElementLocator$WaitingFunction.apply(AppiumElementLocator.java:217)
	at io.appium.java_client.pagefactory.AppiumElementLocator$WaitingFunction.apply(AppiumElementLocator.java:210)
	at org.openqa.selenium.support.ui.FluentWait.until(FluentWait.java:203)
	... 55 more
</textarea>
      
      </div>
              </div>
              <div class="step pass-bg" title="AFTER_STEP">
                <span>stepDefinitions.Hook.afterEachStep(io.cucumber.java.Scenario)</span>
      <div>1445218f-69f1-4141-aa3e-f6c8959261cf
          <div class="row mb-3"><div class="col-md-3">
<img data-featherlight='screenshots/embedded4.png' src="screenshots/embedded4.png">
    
    </div></div>
</div>
      <div>
      </div>
              </div>
          </div>
        </div>
  </div>
</div>
          </div>
        </li>
      </ul>
    </div>
  </div>
<div class="test-content scrollable">
<div class="test-content-tools">
<ul><li><a class="back-to-test" href="#"><i class="fa fa-arrow-left"></i></a></li></ul>
</div>
<div class="test-content-detail"><div class="detail-body"></div></div>
</div></div>
<div class="test-wrapper row view exception-view attributes-view">
<div class="test-list">
<div class="test-list-tools">
<ul class="tools pull-left"><li><a href=""><span class="font-size-14">Exception</span></a></li></ul>
<ul class="tools text-right"><li><a href="#"><span class="badge badge-primary">1</span></a></li></ul>
</div>
<div class="test-list-wrapper scrollable">
<ul class="test-list-item">
<li class="test-item">
<div class="test-detail">
<span class="meta">
<span class='badge log badge-danger'>4</span>
</span>
<p class="name">org.openqa.selenium.NoSuchElementException</p>
<p class="duration text-sm">4 tests</p>
</div>
<div class="test-contents d-none">
<div class="info">
<h4>org.openqa.selenium.NoSuchElementException</h4>
<span status="fail" class='badge log badge-danger'>4 failed</span>
</div>
<table class='table table-sm mt-4'>
<thead>
<tr>
<th class="status-col">Status</th>
<th class="timestamp-col">Timestamp</th>
<th>TestName</th>
</tr>
</thead>
<tbody>
<tr class="tag-test-status" status="fail">
<td><span class="badge log fail-bg">Fail</span></td>
<td>16:55:02 pm</td>
<td>
<a href="#" class="linked" test-id='1' id='167'>Then user toggles Analytics & Performance to allow</a>
<div class="">
<span class="badge badge-default">App_Install_Launch.Verify the user should able to allow accept the user privacy settings for Analytics & Performance from the ‘Setting' screen..Then user toggles Analytics & Performance to allow</span>
</div>
</td>
</tr>
<tr class="tag-test-status" status="fail">
<td><span class="badge log fail-bg">Fail</span></td>
<td>16:56:06 pm</td>
<td>
<a href="#" class="linked" test-id='1' id='210'>Then user toggles Functional to allow</a>
<div class="">
<span class="badge badge-default">App_Install_Launch.Verify the user should able to allow accept the user privacy settings for Functional from the ‚ÄòSetting' screen..Then user toggles Functional to allow</span>
</div>
</td>
</tr>
<tr class="tag-test-status" status="fail">
<td><span class="badge log fail-bg">Fail</span></td>
<td>16:57:10 pm</td>
<td>
<a href="#" class="linked" test-id='1' id='253'>Then user toggles Analytics & Performance to decline</a>
<div class="">
<span class="badge badge-default">App_Install_Launch.Verify the user should able to decline accept the user privacy settings for Analytics & Performance from the ‘Setting' screen..Then user toggles Analytics & Performance to decline</span>
</div>
</td>
</tr>
<tr class="tag-test-status" status="fail">
<td><span class="badge log fail-bg">Fail</span></td>
<td>16:58:14 pm</td>
<td>
<a href="#" class="linked" test-id='1' id='296'>Then user toggles Functional to decline</a>
<div class="">
<span class="badge badge-default">App_Install_Launch.Verify the user should able to decline accept the user privacy settings for Functional from the ‚ÄòSetting' screen..Then user toggles Functional to decline</span>
</div>
</td>
</tr>
</tbody>
</table>
</div>
</li>
</ul>
</div>
</div>
<div class="test-content scrollable">
<div class="test-content-detail">
<div class="detail-body"></div>
</div>
</div>
</div><div class="test-wrapper row view category-view attributes-view">
<div class="test-list">
<div class="test-list-tools">
<ul class="tools pull-left"><li><a href=""><span class="font-size-14">Category</span></a></li></ul>
<ul class="tools text-right"><li><a href="#"><span class="badge badge-primary">11</span></a></li></ul>
</div>
<div class="test-list-wrapper scrollable">
<ul class="test-list-item">
<li class="test-item">
<div class="test-detail">
<span class="meta">
<span class='badge log pass-bg'>3</span>
<span class='badge log badge-danger'>4</span>
</span>
<p class="name">@App_Install_Launch</p>
<p class="duration text-sm">7 tests</p>
</div>
<div class="test-contents d-none">
<div class="info">
<h4>@App_Install_Launch</h4>
<span status="pass" class='badge log pass-bg'>3 passed</span>
<span status="fail" class='badge log badge-danger'>4 failed</span>
</div>
<table class='table table-sm mt-4'>
<thead>
<tr>
<th class="status-col">Status</th>
<th class="timestamp-col">Timestamp</th>
<th>TestName</th>
</tr>
</thead>
<tbody>
<tr class="tag-test-status" status="pass">
<td><span class="badge log pass-bg">Pass</span></td>
<td>16:51:10 pm</td>
<td>
<a href="#" class="linked" test-id='1' id='2'>Verify for user privacy policy selection in settings screen</a>
<div class="">
<span class="badge badge-default">App_Install_Launch.Verify for user privacy policy selection in settings screen</span>
</div>
</td>
</tr>
<tr class="tag-test-status" status="pass">
<td><span class="badge log pass-bg">Pass</span></td>
<td>16:52:11 pm</td>
<td>
<a href="#" class="linked" test-id='1' id='45'>Verify for the Analytics & Performance section under Cookie Settings in settings screen</a>
<div class="">
<span class="badge badge-default">App_Install_Launch.Verify for the Analytics & Performance section under Cookie Settings in settings screen</span>
</div>
</td>
</tr>
<tr class="tag-test-status" status="pass">
<td><span class="badge log pass-bg">Pass</span></td>
<td>16:53:09 pm</td>
<td>
<a href="#" class="linked" test-id='1' id='86'>Verify for the Functional section under Cookie Settings in settings screen</a>
<div class="">
<span class="badge badge-default">App_Install_Launch.Verify for the Functional section under Cookie Settings in settings screen</span>
</div>
</td>
</tr>
<tr class="tag-test-status" status="fail">
<td><span class="badge log fail-bg">Fail</span></td>
<td>16:54:10 pm</td>
<td>
<a href="#" class="linked" test-id='1' id='127'>Verify the user should able to allow accept the user privacy settings for Analytics & Performance from the ‘Setting' screen.</a>
<div class="">
<span class="badge badge-default">App_Install_Launch.Verify the user should able to allow accept the user privacy settings for Analytics & Performance from the ‘Setting' screen.</span>
</div>
</td>
</tr>
<tr class="tag-test-status" status="fail">
<td><span class="badge log fail-bg">Fail</span></td>
<td>16:55:14 pm</td>
<td>
<a href="#" class="linked" test-id='1' id='170'>Verify the user should able to allow accept the user privacy settings for Functional from the ‚ÄòSetting' screen.</a>
<div class="">
<span class="badge badge-default">App_Install_Launch.Verify the user should able to allow accept the user privacy settings for Functional from the ‚ÄòSetting' screen.</span>
</div>
</td>
</tr>
<tr class="tag-test-status" status="fail">
<td><span class="badge log fail-bg">Fail</span></td>
<td>16:56:18 pm</td>
<td>
<a href="#" class="linked" test-id='1' id='213'>Verify the user should able to decline accept the user privacy settings for Analytics & Performance from the ‘Setting' screen.</a>
<div class="">
<span class="badge badge-default">App_Install_Launch.Verify the user should able to decline accept the user privacy settings for Analytics & Performance from the ‘Setting' screen.</span>
</div>
</td>
</tr>
<tr class="tag-test-status" status="fail">
<td><span class="badge log fail-bg">Fail</span></td>
<td>16:57:22 pm</td>
<td>
<a href="#" class="linked" test-id='1' id='256'>Verify the user should able to decline accept the user privacy settings for Functional from the ‚ÄòSetting' screen.</a>
<div class="">
<span class="badge badge-default">App_Install_Launch.Verify the user should able to decline accept the user privacy settings for Functional from the ‚ÄòSetting' screen.</span>
</div>
</td>
</tr>
</tbody>
</table>
</div>
</li>
<li class="test-item">
<div class="test-detail">
<span class="meta">
<span class='badge log badge-danger'>1</span>
</span>
<p class="name">@P11270-21740</p>
<p class="duration text-sm">1 tests</p>
</div>
<div class="test-contents d-none">
<div class="info">
<h4>@P11270-21740</h4>
<span status="fail" class='badge log badge-danger'>1 failed</span>
</div>
<table class='table table-sm mt-4'>
<thead>
<tr>
<th class="status-col">Status</th>
<th class="timestamp-col">Timestamp</th>
<th>TestName</th>
</tr>
</thead>
<tbody>
<tr class="tag-test-status" status="fail">
<td><span class="badge log fail-bg">Fail</span></td>
<td>16:54:10 pm</td>
<td>
<a href="#" class="linked" test-id='1' id='127'>Verify the user should able to allow accept the user privacy settings for Analytics & Performance from the ‘Setting' screen.</a>
<div class="">
<span class="badge badge-default">App_Install_Launch.Verify the user should able to allow accept the user privacy settings for Analytics & Performance from the ‘Setting' screen.</span>
</div>
</td>
</tr>
</tbody>
</table>
</div>
</li>
<li class="test-item">
<div class="test-detail">
<span class="meta">
<span class='badge log pass-bg'>1</span>
</span>
<p class="name">@P11270-21713</p>
<p class="duration text-sm">1 tests</p>
</div>
<div class="test-contents d-none">
<div class="info">
<h4>@P11270-21713</h4>
<span status="pass" class='badge log pass-bg'>1 passed</span>
</div>
<table class='table table-sm mt-4'>
<thead>
<tr>
<th class="status-col">Status</th>
<th class="timestamp-col">Timestamp</th>
<th>TestName</th>
</tr>
</thead>
<tbody>
<tr class="tag-test-status" status="pass">
<td><span class="badge log pass-bg">Pass</span></td>
<td>16:51:10 pm</td>
<td>
<a href="#" class="linked" test-id='1' id='2'>Verify for user privacy policy selection in settings screen</a>
<div class="">
<span class="badge badge-default">App_Install_Launch.Verify for user privacy policy selection in settings screen</span>
</div>
</td>
</tr>
</tbody>
</table>
</div>
</li>
<li class="test-item">
<div class="test-detail">
<span class="meta">
<span class='badge log badge-danger'>1</span>
</span>
<p class="name">@P11270-21742</p>
<p class="duration text-sm">1 tests</p>
</div>
<div class="test-contents d-none">
<div class="info">
<h4>@P11270-21742</h4>
<span status="fail" class='badge log badge-danger'>1 failed</span>
</div>
<table class='table table-sm mt-4'>
<thead>
<tr>
<th class="status-col">Status</th>
<th class="timestamp-col">Timestamp</th>
<th>TestName</th>
</tr>
</thead>
<tbody>
<tr class="tag-test-status" status="fail">
<td><span class="badge log fail-bg">Fail</span></td>
<td>16:56:18 pm</td>
<td>
<a href="#" class="linked" test-id='1' id='213'>Verify the user should able to decline accept the user privacy settings for Analytics & Performance from the ‘Setting' screen.</a>
<div class="">
<span class="badge badge-default">App_Install_Launch.Verify the user should able to decline accept the user privacy settings for Analytics & Performance from the ‘Setting' screen.</span>
</div>
</td>
</tr>
</tbody>
</table>
</div>
</li>
<li class="test-item">
<div class="test-detail">
<span class="meta">
<span class='badge log pass-bg'>3</span>
<span class='badge log badge-danger'>4</span>
</span>
<p class="name">@AndroidRegressionSet2</p>
<p class="duration text-sm">7 tests</p>
</div>
<div class="test-contents d-none">
<div class="info">
<h4>@AndroidRegressionSet2</h4>
<span status="pass" class='badge log pass-bg'>3 passed</span>
<span status="fail" class='badge log badge-danger'>4 failed</span>
</div>
<table class='table table-sm mt-4'>
<thead>
<tr>
<th class="status-col">Status</th>
<th class="timestamp-col">Timestamp</th>
<th>TestName</th>
</tr>
</thead>
<tbody>
<tr class="tag-test-status" status="pass">
<td><span class="badge log pass-bg">Pass</span></td>
<td>16:51:10 pm</td>
<td>
<a href="#" class="linked" test-id='1' id='2'>Verify for user privacy policy selection in settings screen</a>
<div class="">
<span class="badge badge-default">App_Install_Launch.Verify for user privacy policy selection in settings screen</span>
</div>
</td>
</tr>
<tr class="tag-test-status" status="pass">
<td><span class="badge log pass-bg">Pass</span></td>
<td>16:52:11 pm</td>
<td>
<a href="#" class="linked" test-id='1' id='45'>Verify for the Analytics & Performance section under Cookie Settings in settings screen</a>
<div class="">
<span class="badge badge-default">App_Install_Launch.Verify for the Analytics & Performance section under Cookie Settings in settings screen</span>
</div>
</td>
</tr>
<tr class="tag-test-status" status="pass">
<td><span class="badge log pass-bg">Pass</span></td>
<td>16:53:09 pm</td>
<td>
<a href="#" class="linked" test-id='1' id='86'>Verify for the Functional section under Cookie Settings in settings screen</a>
<div class="">
<span class="badge badge-default">App_Install_Launch.Verify for the Functional section under Cookie Settings in settings screen</span>
</div>
</td>
</tr>
<tr class="tag-test-status" status="fail">
<td><span class="badge log fail-bg">Fail</span></td>
<td>16:54:10 pm</td>
<td>
<a href="#" class="linked" test-id='1' id='127'>Verify the user should able to allow accept the user privacy settings for Analytics & Performance from the ‘Setting' screen.</a>
<div class="">
<span class="badge badge-default">App_Install_Launch.Verify the user should able to allow accept the user privacy settings for Analytics & Performance from the ‘Setting' screen.</span>
</div>
</td>
</tr>
<tr class="tag-test-status" status="fail">
<td><span class="badge log fail-bg">Fail</span></td>
<td>16:55:14 pm</td>
<td>
<a href="#" class="linked" test-id='1' id='170'>Verify the user should able to allow accept the user privacy settings for Functional from the ‚ÄòSetting' screen.</a>
<div class="">
<span class="badge badge-default">App_Install_Launch.Verify the user should able to allow accept the user privacy settings for Functional from the ‚ÄòSetting' screen.</span>
</div>
</td>
</tr>
<tr class="tag-test-status" status="fail">
<td><span class="badge log fail-bg">Fail</span></td>
<td>16:56:18 pm</td>
<td>
<a href="#" class="linked" test-id='1' id='213'>Verify the user should able to decline accept the user privacy settings for Analytics & Performance from the ‘Setting' screen.</a>
<div class="">
<span class="badge badge-default">App_Install_Launch.Verify the user should able to decline accept the user privacy settings for Analytics & Performance from the ‘Setting' screen.</span>
</div>
</td>
</tr>
<tr class="tag-test-status" status="fail">
<td><span class="badge log fail-bg">Fail</span></td>
<td>16:57:22 pm</td>
<td>
<a href="#" class="linked" test-id='1' id='256'>Verify the user should able to decline accept the user privacy settings for Functional from the ‚ÄòSetting' screen.</a>
<div class="">
<span class="badge badge-default">App_Install_Launch.Verify the user should able to decline accept the user privacy settings for Functional from the ‚ÄòSetting' screen.</span>
</div>
</td>
</tr>
</tbody>
</table>
</div>
</li>
<li class="test-item">
<div class="test-detail">
<span class="meta">
<span class='badge log pass-bg'>1</span>
</span>
<p class="name">@P11270-21716</p>
<p class="duration text-sm">1 tests</p>
</div>
<div class="test-contents d-none">
<div class="info">
<h4>@P11270-21716</h4>
<span status="pass" class='badge log pass-bg'>1 passed</span>
</div>
<table class='table table-sm mt-4'>
<thead>
<tr>
<th class="status-col">Status</th>
<th class="timestamp-col">Timestamp</th>
<th>TestName</th>
</tr>
</thead>
<tbody>
<tr class="tag-test-status" status="pass">
<td><span class="badge log pass-bg">Pass</span></td>
<td>16:53:09 pm</td>
<td>
<a href="#" class="linked" test-id='1' id='86'>Verify for the Functional section under Cookie Settings in settings screen</a>
<div class="">
<span class="badge badge-default">App_Install_Launch.Verify for the Functional section under Cookie Settings in settings screen</span>
</div>
</td>
</tr>
</tbody>
</table>
</div>
</li>
<li class="test-item">
<div class="test-detail">
<span class="meta">
<span class='badge log pass-bg'>1</span>
</span>
<p class="name">@P11270-21715</p>
<p class="duration text-sm">1 tests</p>
</div>
<div class="test-contents d-none">
<div class="info">
<h4>@P11270-21715</h4>
<span status="pass" class='badge log pass-bg'>1 passed</span>
</div>
<table class='table table-sm mt-4'>
<thead>
<tr>
<th class="status-col">Status</th>
<th class="timestamp-col">Timestamp</th>
<th>TestName</th>
</tr>
</thead>
<tbody>
<tr class="tag-test-status" status="pass">
<td><span class="badge log pass-bg">Pass</span></td>
<td>16:52:11 pm</td>
<td>
<a href="#" class="linked" test-id='1' id='45'>Verify for the Analytics & Performance section under Cookie Settings in settings screen</a>
<div class="">
<span class="badge badge-default">App_Install_Launch.Verify for the Analytics & Performance section under Cookie Settings in settings screen</span>
</div>
</td>
</tr>
</tbody>
</table>
</div>
</li>
<li class="test-item">
<div class="test-detail">
<span class="meta">
<span class='badge log badge-danger'>1</span>
</span>
<p class="name">@P11270-21741</p>
<p class="duration text-sm">1 tests</p>
</div>
<div class="test-contents d-none">
<div class="info">
<h4>@P11270-21741</h4>
<span status="fail" class='badge log badge-danger'>1 failed</span>
</div>
<table class='table table-sm mt-4'>
<thead>
<tr>
<th class="status-col">Status</th>
<th class="timestamp-col">Timestamp</th>
<th>TestName</th>
</tr>
</thead>
<tbody>
<tr class="tag-test-status" status="fail">
<td><span class="badge log fail-bg">Fail</span></td>
<td>16:55:14 pm</td>
<td>
<a href="#" class="linked" test-id='1' id='170'>Verify the user should able to allow accept the user privacy settings for Functional from the ‚ÄòSetting' screen.</a>
<div class="">
<span class="badge badge-default">App_Install_Launch.Verify the user should able to allow accept the user privacy settings for Functional from the ‚ÄòSetting' screen.</span>
</div>
</td>
</tr>
</tbody>
</table>
</div>
</li>
<li class="test-item">
<div class="test-detail">
<span class="meta">
<span class='badge log badge-danger'>1</span>
</span>
<p class="name">@P11270-21744</p>
<p class="duration text-sm">1 tests</p>
</div>
<div class="test-contents d-none">
<div class="info">
<h4>@P11270-21744</h4>
<span status="fail" class='badge log badge-danger'>1 failed</span>
</div>
<table class='table table-sm mt-4'>
<thead>
<tr>
<th class="status-col">Status</th>
<th class="timestamp-col">Timestamp</th>
<th>TestName</th>
</tr>
</thead>
<tbody>
<tr class="tag-test-status" status="fail">
<td><span class="badge log fail-bg">Fail</span></td>
<td>16:57:22 pm</td>
<td>
<a href="#" class="linked" test-id='1' id='256'>Verify the user should able to decline accept the user privacy settings for Functional from the ‚ÄòSetting' screen.</a>
<div class="">
<span class="badge badge-default">App_Install_Launch.Verify the user should able to decline accept the user privacy settings for Functional from the ‚ÄòSetting' screen.</span>
</div>
</td>
</tr>
</tbody>
</table>
</div>
</li>
<li class="test-item">
<div class="test-detail">
<span class="meta">
<span class='badge log pass-bg'>3</span>
<span class='badge log badge-danger'>4</span>
</span>
<p class="name">@Sprintandroid2413</p>
<p class="duration text-sm">7 tests</p>
</div>
<div class="test-contents d-none">
<div class="info">
<h4>@Sprintandroid2413</h4>
<span status="pass" class='badge log pass-bg'>3 passed</span>
<span status="fail" class='badge log badge-danger'>4 failed</span>
</div>
<table class='table table-sm mt-4'>
<thead>
<tr>
<th class="status-col">Status</th>
<th class="timestamp-col">Timestamp</th>
<th>TestName</th>
</tr>
</thead>
<tbody>
<tr class="tag-test-status" status="pass">
<td><span class="badge log pass-bg">Pass</span></td>
<td>16:51:10 pm</td>
<td>
<a href="#" class="linked" test-id='1' id='2'>Verify for user privacy policy selection in settings screen</a>
<div class="">
<span class="badge badge-default">App_Install_Launch.Verify for user privacy policy selection in settings screen</span>
</div>
</td>
</tr>
<tr class="tag-test-status" status="pass">
<td><span class="badge log pass-bg">Pass</span></td>
<td>16:52:11 pm</td>
<td>
<a href="#" class="linked" test-id='1' id='45'>Verify for the Analytics & Performance section under Cookie Settings in settings screen</a>
<div class="">
<span class="badge badge-default">App_Install_Launch.Verify for the Analytics & Performance section under Cookie Settings in settings screen</span>
</div>
</td>
</tr>
<tr class="tag-test-status" status="pass">
<td><span class="badge log pass-bg">Pass</span></td>
<td>16:53:09 pm</td>
<td>
<a href="#" class="linked" test-id='1' id='86'>Verify for the Functional section under Cookie Settings in settings screen</a>
<div class="">
<span class="badge badge-default">App_Install_Launch.Verify for the Functional section under Cookie Settings in settings screen</span>
</div>
</td>
</tr>
<tr class="tag-test-status" status="fail">
<td><span class="badge log fail-bg">Fail</span></td>
<td>16:54:10 pm</td>
<td>
<a href="#" class="linked" test-id='1' id='127'>Verify the user should able to allow accept the user privacy settings for Analytics & Performance from the ‘Setting' screen.</a>
<div class="">
<span class="badge badge-default">App_Install_Launch.Verify the user should able to allow accept the user privacy settings for Analytics & Performance from the ‘Setting' screen.</span>
</div>
</td>
</tr>
<tr class="tag-test-status" status="fail">
<td><span class="badge log fail-bg">Fail</span></td>
<td>16:55:14 pm</td>
<td>
<a href="#" class="linked" test-id='1' id='170'>Verify the user should able to allow accept the user privacy settings for Functional from the ‚ÄòSetting' screen.</a>
<div class="">
<span class="badge badge-default">App_Install_Launch.Verify the user should able to allow accept the user privacy settings for Functional from the ‚ÄòSetting' screen.</span>
</div>
</td>
</tr>
<tr class="tag-test-status" status="fail">
<td><span class="badge log fail-bg">Fail</span></td>
<td>16:56:18 pm</td>
<td>
<a href="#" class="linked" test-id='1' id='213'>Verify the user should able to decline accept the user privacy settings for Analytics & Performance from the ‘Setting' screen.</a>
<div class="">
<span class="badge badge-default">App_Install_Launch.Verify the user should able to decline accept the user privacy settings for Analytics & Performance from the ‘Setting' screen.</span>
</div>
</td>
</tr>
<tr class="tag-test-status" status="fail">
<td><span class="badge log fail-bg">Fail</span></td>
<td>16:57:22 pm</td>
<td>
<a href="#" class="linked" test-id='1' id='256'>Verify the user should able to decline accept the user privacy settings for Functional from the ‚ÄòSetting' screen.</a>
<div class="">
<span class="badge badge-default">App_Install_Launch.Verify the user should able to decline accept the user privacy settings for Functional from the ‚ÄòSetting' screen.</span>
</div>
</td>
</tr>
</tbody>
</table>
</div>
</li>
<li class="test-item">
<div class="test-detail">
<span class="meta">
<span class='badge log pass-bg'>3</span>
<span class='badge log badge-danger'>4</span>
</span>
<p class="name">@AndroidRegression</p>
<p class="duration text-sm">7 tests</p>
</div>
<div class="test-contents d-none">
<div class="info">
<h4>@AndroidRegression</h4>
<span status="pass" class='badge log pass-bg'>3 passed</span>
<span status="fail" class='badge log badge-danger'>4 failed</span>
</div>
<table class='table table-sm mt-4'>
<thead>
<tr>
<th class="status-col">Status</th>
<th class="timestamp-col">Timestamp</th>
<th>TestName</th>
</tr>
</thead>
<tbody>
<tr class="tag-test-status" status="pass">
<td><span class="badge log pass-bg">Pass</span></td>
<td>16:51:10 pm</td>
<td>
<a href="#" class="linked" test-id='1' id='2'>Verify for user privacy policy selection in settings screen</a>
<div class="">
<span class="badge badge-default">App_Install_Launch.Verify for user privacy policy selection in settings screen</span>
</div>
</td>
</tr>
<tr class="tag-test-status" status="pass">
<td><span class="badge log pass-bg">Pass</span></td>
<td>16:52:11 pm</td>
<td>
<a href="#" class="linked" test-id='1' id='45'>Verify for the Analytics & Performance section under Cookie Settings in settings screen</a>
<div class="">
<span class="badge badge-default">App_Install_Launch.Verify for the Analytics & Performance section under Cookie Settings in settings screen</span>
</div>
</td>
</tr>
<tr class="tag-test-status" status="pass">
<td><span class="badge log pass-bg">Pass</span></td>
<td>16:53:09 pm</td>
<td>
<a href="#" class="linked" test-id='1' id='86'>Verify for the Functional section under Cookie Settings in settings screen</a>
<div class="">
<span class="badge badge-default">App_Install_Launch.Verify for the Functional section under Cookie Settings in settings screen</span>
</div>
</td>
</tr>
<tr class="tag-test-status" status="fail">
<td><span class="badge log fail-bg">Fail</span></td>
<td>16:54:10 pm</td>
<td>
<a href="#" class="linked" test-id='1' id='127'>Verify the user should able to allow accept the user privacy settings for Analytics & Performance from the ‘Setting' screen.</a>
<div class="">
<span class="badge badge-default">App_Install_Launch.Verify the user should able to allow accept the user privacy settings for Analytics & Performance from the ‘Setting' screen.</span>
</div>
</td>
</tr>
<tr class="tag-test-status" status="fail">
<td><span class="badge log fail-bg">Fail</span></td>
<td>16:55:14 pm</td>
<td>
<a href="#" class="linked" test-id='1' id='170'>Verify the user should able to allow accept the user privacy settings for Functional from the ‚ÄòSetting' screen.</a>
<div class="">
<span class="badge badge-default">App_Install_Launch.Verify the user should able to allow accept the user privacy settings for Functional from the ‚ÄòSetting' screen.</span>
</div>
</td>
</tr>
<tr class="tag-test-status" status="fail">
<td><span class="badge log fail-bg">Fail</span></td>
<td>16:56:18 pm</td>
<td>
<a href="#" class="linked" test-id='1' id='213'>Verify the user should able to decline accept the user privacy settings for Analytics & Performance from the ‘Setting' screen.</a>
<div class="">
<span class="badge badge-default">App_Install_Launch.Verify the user should able to decline accept the user privacy settings for Analytics & Performance from the ‘Setting' screen.</span>
</div>
</td>
</tr>
<tr class="tag-test-status" status="fail">
<td><span class="badge log fail-bg">Fail</span></td>
<td>16:57:22 pm</td>
<td>
<a href="#" class="linked" test-id='1' id='256'>Verify the user should able to decline accept the user privacy settings for Functional from the ‚ÄòSetting' screen.</a>
<div class="">
<span class="badge badge-default">App_Install_Launch.Verify the user should able to decline accept the user privacy settings for Functional from the ‚ÄòSetting' screen.</span>
</div>
</td>
</tr>
</tbody>
</table>
</div>
</li>
</ul>
</div>
</div>
<div class="test-content scrollable">
<div class="test-content-detail">
<div class="detail-body"></div>
</div>
</div>
</div><div class="container-fluid p-4 view dashboard-view">
<div class="row">
<div class="col-md-3">
<div class="card"><div class="card-body">
<p class="m-b-0">Started</p>
<h3>Jun 10, 2024 04:51:09 pm</h3>
</div></div>
</div>
<div class="col-md-3">
<div class="card"><div class="card-body">
<p class="m-b-0">Ended</p>
<h3>Jun 10, 2024 04:58:26 pm</h3>
</div></div>
</div>
<div class="col-md-3">
<div class="card"><div class="card-body">
<p class="m-b-0 text-pass">Features Passed</p>
<h3>0</h3>
</div></div>
</div>
<div class="col-md-3">
<div class="card"><div class="card-body">
<p class="m-b-0 text-fail">Features Failed</p>
<h3>1</h3>
</div></div>
</div>
</div>
<div class="row">
<div class="col-md-4">
<div class="card">
<div class="card-header">
<h6 class="card-title">Features</h6>
</div>
<div class="card-body">
<div class="">
<canvas id='parent-analysis' width='115' height='90'></canvas>
</div>
</div>
<div class="card-footer">
<div><small data-tooltip='0%'>
<b>0</b> features passed
</small>
</div>
<div>
<small data-tooltip='100%'><b>1</b> features failed,
<b>0</b> skipped, <b data-tooltip='0%'>0</b> others
</small>
</div>
</div>
</div>
</div>
<div class="col-md-4">
<div class="card">
<div class="card-header">
<h6 class="card-title">Scenarios</h6>
</div>
<div class="card-body">
<div class="">
<canvas id='child-analysis' width='115' height='90'></canvas>
</div>
</div>
<div class="card-footer">
<div><small data-tooltip='42%'><b>3</b> scenarios passed</small></div>
<div>
<small data-tooltip='57%'><b>4</b> scenarios failed,
<b>0</b> skipped, <b data-tooltip='%'>0</b> others
</small>
</div>
</div>
</div>
</div>
<div class="col-md-4">
<div class="card">
<div class="card-header">
<h6 class="card-title">Steps</h6>
</div>
<div class="card-body">
<div class="">
<canvas id='grandchild-analysis' width='115' height='90'></canvas>
</div>
</div>
<div class="card-footer">
<div><small data-tooltip='97%'><b>138</b> steps passed</small></div>
<div>
<small data-tooltip='2%'><b>4</b> steps failed,
<b>0</b> skipped, <b data-tooltip='%'>0</b> others
</small>
</div>
</div>
</div>
</div>
</div>
<div class="row"><div class="col-md-12">
<div class="card"><div class="card-header"><p>Timeline</p></div>
<div class="card-body pt-0"><div>
<canvas id="timeline" height="120"></canvas>
</div></div>
</div>
</div></div>
<script>
var timeline = {
"App_Install_Launch":435.991
};
</script>
<div class="row">
<div class="col-lg-6 col-md-12 category-container">
<div class="card">
<div class="card-header"><p>Tags</p></div>
<div class="card-body pb-0 pt-0"><table class="table table-sm table-bordered">
<thead><tr class="bg-gray"><th>Name</th><th>Passed</th><th>Failed</th><th>Skipped</th><th>Others</th><th>Passed %</th></tr></thead><tbody>
<tr>
<td>@App_Install_Launch</td>
<td>3</td>
<td>4</td>
<td>0</td>
<td>0</td>
<td>42.857%</td>
</tr>
<tr>
<td>@P11270-21740</td>
<td>0</td>
<td>1</td>
<td>0</td>
<td>0</td>
<td>0%</td>
</tr>
<tr>
<td>@P11270-21713</td>
<td>1</td>
<td>0</td>
<td>0</td>
<td>0</td>
<td>100%</td>
</tr>
<tr>
<td>@P11270-21742</td>
<td>0</td>
<td>1</td>
<td>0</td>
<td>0</td>
<td>0%</td>
</tr>
<tr>
<td>@AndroidRegressionSet2</td>
<td>3</td>
<td>4</td>
<td>0</td>
<td>0</td>
<td>42.857%</td>
</tr>
<tr>
<td>@P11270-21716</td>
<td>1</td>
<td>0</td>
<td>0</td>
<td>0</td>
<td>100%</td>
</tr>
<tr>
<td>@P11270-21715</td>
<td>1</td>
<td>0</td>
<td>0</td>
<td>0</td>
<td>100%</td>
</tr>
<tr>
<td>@P11270-21741</td>
<td>0</td>
<td>1</td>
<td>0</td>
<td>0</td>
<td>0%</td>
</tr>
<tr>
<td>@P11270-21744</td>
<td>0</td>
<td>1</td>
<td>0</td>
<td>0</td>
<td>0%</td>
</tr>
<tr>
<td>@Sprintandroid2413</td>
<td>3</td>
<td>4</td>
<td>0</td>
<td>0</td>
<td>42.857%</td>
</tr>
<tr>
<td>@AndroidRegression</td>
<td>3</td>
<td>4</td>
<td>0</td>
<td>0</td>
<td>42.857%</td>
</tr>
</tbody>
</table></div>
</div>
</div>
</div>
</div>
<script>
var statusGroup = {
parentCount: 5,
passParent: 0,
failParent: 1,
warningParent: 0,
skipParent: 0,
childCount: 5,
passChild: 3,
failChild: 4,
warningChild: 0,
skipChild: 0,
infoChild: 0,
grandChildCount: 5,
passGrandChild: 138,
failGrandChild: 4,
warningGrandChild: 0,
skipGrandChild: 0,
infoGrandChild: 0,
eventsCount: 5,
};
</script>        </div>
      </div>
    </div>
  </div>
<script src="https://cdn.jsdelivr.net/gh/extent-framework/extent-github-cdn@ce8b10435bcbae260c334c0d0c6b61d2c19b6168/spark/js/spark-script.js"></script>
<script type="text/javascript"></script></body>
</html>